#
# There is insufficient memory for the Java Runtime Environment to continue.
# Native memory allocation (malloc) failed to allocate 912400 bytes for Chunk::new
# Possible reasons:
#   The system is out of physical RAM or swap space
#   The process is running with CompressedOops enabled, and the Java Heap may be blocking the growth of the native heap
# Possible solutions:
#   Reduce memory load on the system
#   Increase physical memory or swap space
#   Check if swap backing store is full
#   Decrease Java heap size (-Xmx/-Xms)
#   Decrease number of Java threads
#   Decrease Java thread stack sizes (-Xss)
#   Set larger code cache with -XX:ReservedCodeCacheSize=
#   JVM is running with Unscaled Compressed Oops mode in which the Java heap is
#     placed in the first 4GB address space. The Java Heap base address is the
#     maximum limit for the native heap growth. Please use -XX:HeapBaseMinAddress
#     to set the Java Heap base and to place the Java Heap above 4GB virtual address.
# This output file may be truncated or incomplete.
#
#  Out of Memory Error (arena.cpp:184), pid=2808, tid=2688
#
# JRE version: Java(TM) SE Runtime Environment (19.0+36) (build 19+36-2238)
# Java VM: Java HotSpot(TM) 64-Bit Server VM (19+36-2238, mixed mode, sharing, tiered, compressed oops, compressed class ptrs, g1 gc, windows-amd64)
# No core dump will be written. Minidumps are not enabled by default on client versions of Windows
#

---------------  S U M M A R Y ------------

Command Line: -Dfile.encoding=UTF-8 View.MiniProyecto4

Host: Intel(R) Pentium(R) CPU  N3540  @ 2.16GHz, 4 cores, 3G,  Windows 10 , 64 bit Build 19041 (10.0.19041.2364)
Time: Sat Jan 21 23:44:19 2023 Hora est. Pacífico, Sudamérica elapsed time: 2.439851 seconds (0d 0h 0m 2s)

---------------  T H R E A D  ---------------

Current thread (0x00000188b84b6170):  JavaThread "C2 CompilerThread0" daemon [_thread_in_native, id=2688, stack(0x0000002aa3000000,0x0000002aa3100000)]


Current CompileTask:
C2:   2461 1097 % !   4       sun.awt.image.PNGImageDecoder::produceImage @ 960 (1917 bytes)

Stack: [0x0000002aa3000000,0x0000002aa3100000]
Native frames: (J=compiled Java code, j=interpreted, Vv=VM code, C=native code)
V  [jvm.dll+0x6ee8fa]
V  [jvm.dll+0x857a1e]
V  [jvm.dll+0x85940e]
V  [jvm.dll+0x859ac3]
V  [jvm.dll+0x28291f]
V  [jvm.dll+0xc9b5f]
V  [jvm.dll+0xc9ee5]
V  [jvm.dll+0x3bcbac]
V  [jvm.dll+0x1ee31a]
V  [jvm.dll+0x24c41b]
V  [jvm.dll+0x24b671]
V  [jvm.dll+0x1d6d61]
V  [jvm.dll+0x25b0fa]
V  [jvm.dll+0x259588]
V  [jvm.dll+0x807928]
V  [jvm.dll+0x8015fa]
V  [jvm.dll+0x6ed5eb]
C  [ucrtbase.dll+0x21bb2]
C  [KERNEL32.DLL+0x17614]
C  [ntdll.dll+0x526a1]


---------------  P R O C E S S  ---------------

Threads class SMR info:
_java_thread_list=0x00000188bcaedd00, length=17, elements={
0x000001889cba9320, 0x00000188b84aaeb0, 0x00000188b84abaa0, 0x00000188b84ae0a0,
0x00000188b84ae9d0, 0x00000188b84b0310, 0x00000188b84b0ec0, 0x00000188b84b6170,
0x00000188b84c1f10, 0x00000188b84cfc90, 0x00000188bc87b7e0, 0x00000188bc879d50,
0x00000188bc879800, 0x00000188bc8792b0, 0x00000188bc87a2a0, 0x00000188bc87b290,
0x00000188bc87a7f0
}

Java Threads: ( => current thread )
  0x000001889cba9320 JavaThread "main" [_thread_blocked, id=5008, stack(0x0000002aa2300000,0x0000002aa2400000)]
  0x00000188b84aaeb0 JavaThread "Reference Handler" daemon [_thread_blocked, id=10392, stack(0x0000002aa2a00000,0x0000002aa2b00000)]
  0x00000188b84abaa0 JavaThread "Finalizer" daemon [_thread_blocked, id=4348, stack(0x0000002aa2b00000,0x0000002aa2c00000)]
  0x00000188b84ae0a0 JavaThread "Signal Dispatcher" daemon [_thread_blocked, id=12780, stack(0x0000002aa2c00000,0x0000002aa2d00000)]
  0x00000188b84ae9d0 JavaThread "Attach Listener" daemon [_thread_blocked, id=11148, stack(0x0000002aa2d00000,0x0000002aa2e00000)]
  0x00000188b84b0310 JavaThread "Service Thread" daemon [_thread_blocked, id=1864, stack(0x0000002aa2e00000,0x0000002aa2f00000)]
  0x00000188b84b0ec0 JavaThread "Monitor Deflation Thread" daemon [_thread_blocked, id=13088, stack(0x0000002aa2f00000,0x0000002aa3000000)]
=>0x00000188b84b6170 JavaThread "C2 CompilerThread0" daemon [_thread_in_native, id=2688, stack(0x0000002aa3000000,0x0000002aa3100000)]
  0x00000188b84c1f10 JavaThread "C1 CompilerThread0" daemon [_thread_blocked, id=10044, stack(0x0000002aa3100000,0x0000002aa3200000)]
  0x00000188b84cfc90 JavaThread "Sweeper thread" daemon [_thread_blocked, id=11540, stack(0x0000002aa3200000,0x0000002aa3300000)]
  0x00000188bc87b7e0 JavaThread "Notification Thread" daemon [_thread_blocked, id=7988, stack(0x0000002aa3300000,0x0000002aa3400000)]
  0x00000188bc879d50 JavaThread "Common-Cleaner" daemon [_thread_blocked, id=14156, stack(0x0000002aa3500000,0x0000002aa3600000)]
  0x00000188bc879800 JavaThread "Java2D Disposer" daemon [_thread_blocked, id=12340, stack(0x0000002aa3600000,0x0000002aa3700000)]
  0x00000188bc8792b0 JavaThread "AWT-Shutdown" [_thread_blocked, id=9676, stack(0x0000002aa3700000,0x0000002aa3800000)]
  0x00000188bc87a2a0 JavaThread "AWT-Windows" daemon [_thread_in_native, id=9128, stack(0x0000002aa3800000,0x0000002aa3900000)]
  0x00000188bc87b290 JavaThread "AWT-EventQueue-0" [_thread_blocked, id=11484, stack(0x0000002aa3900000,0x0000002aa3a00000)]
  0x00000188bc87a7f0 JavaThread "Image Fetcher 0" daemon [_thread_blocked, id=11216, stack(0x0000002aa3a00000,0x0000002aa3b00000)]

Other Threads:
  0x000001889cc73b60 VMThread "VM Thread" [stack: 0x0000002aa2900000,0x0000002aa2a00000] [id=7528]
  0x00000188bc881420 WatcherThread "VM Periodic Task Thread" [stack: 0x0000002aa3400000,0x0000002aa3500000] [id=10092]
  0x000001889cbeb960 WorkerThread "GC Thread#0" [stack: 0x0000002aa2400000,0x0000002aa2500000] [id=12224]
  0x00000188bd511e30 WorkerThread "GC Thread#1" [stack: 0x0000002aa3c00000,0x0000002aa3d00000] [id=244]
  0x00000188bd514110 WorkerThread "GC Thread#2" [stack: 0x0000002aa3d00000,0x0000002aa3e00000] [id=8584]
  0x00000188bd5143e0 WorkerThread "GC Thread#3" [stack: 0x0000002aa3e00000,0x0000002aa3f00000] [id=7068]
  0x000001889cbf4720 ConcurrentGCThread "G1 Main Marker" [stack: 0x0000002aa2500000,0x0000002aa2600000] [id=7836]
  0x000001889cbf58f0 WorkerThread "G1 Conc#0" [stack: 0x0000002aa2600000,0x0000002aa2700000] [id=8264]
  0x000001889cc4c5c0 ConcurrentGCThread "G1 Refine#0" [stack: 0x0000002aa2700000,0x0000002aa2800000] [id=13808]
  0x000001889cc4d100 ConcurrentGCThread "G1 Service" [stack: 0x0000002aa2800000,0x0000002aa2900000] [id=8784]

Threads with active compile tasks:
C2 CompilerThread0     2940 1097 % !   4       sun.awt.image.PNGImageDecoder::produceImage @ 960 (1917 bytes)

VM state: at safepoint (normal execution)

VM Mutex/Monitor currently owned by a thread:  ([mutex/lock_event])
[0x000001889cba5120] Threads_lock - owner thread: 0x000001889cc73b60
[0x000001889cba4ca0] Heap_lock - owner thread: 0x000001889cbf4720

Heap address: 0x00000000c1a00000, size: 998 MB, Compressed Oops mode: 32-bit

CDS archive(s) mapped at: [0x0000000800000000-0x0000000800c40000-0x0000000800c40000), size 12845056, SharedBaseAddress: 0x0000000800000000, ArchiveRelocationMode: 0.
Compressed class space mapped at: 0x0000000801000000-0x0000000841000000, reserved size: 1073741824
Narrow klass base: 0x0000000800000000, Narrow klass shift: 0, Narrow klass range: 0x100000000

GC Precious Log:
 CardTable entry size: 512
 Card Set container configuration: InlinePtr #cards 5 size 8 Array Of Cards #cards 12 size 40 Howl #buckets 4 coarsen threshold 1843 Howl Bitmap #cards 512 size 80 coarsen threshold 460 Card regions per heap region 1 cards per card region 2048
 CPUs: 4 total, 4 available
 Memory: 3985M
 Large Page Support: Disabled
 NUMA Support: Disabled
 Compressed Oops: Enabled (32-bit)
 Heap Region Size: 1M
 Heap Min Capacity: 8M
 Heap Initial Capacity: 64M
 Heap Max Capacity: 998M
 Pre-touch: Disabled
 Parallel Workers: 4
 Concurrent Workers: 1
 Concurrent Refinement Workers: 4
 Periodic GC: Disabled

Heap:
 garbage-first heap   total 159744K, used 98350K [0x00000000c1a00000, 0x0000000100000000)
  region size 1024K, 2 young (2048K), 1 survivors (1024K)
 Metaspace       used 7924K, committed 8192K, reserved 1114112K
  class space    used 844K, committed 960K, reserved 1048576K

Heap Regions: E=young(eden), S=young(survivor), O=old, HS=humongous(starts), HC=humongous(continues), CS=collection set, F=free, OA=open archive, CA=closed archive, TAMS=top-at-mark-start (previous, next)
|   0|0x00000000c1a00000, 0x00000000c1b00000, 0x00000000c1b00000|100%| O|  |TAMS 0x00000000c1b00000, 0x00000000c1a00000| Updating 
|   1|0x00000000c1b00000, 0x00000000c1c00000, 0x00000000c1c00000|100%| O|  |TAMS 0x00000000c1c00000, 0x00000000c1b00000| Untracked 
|   2|0x00000000c1c00000, 0x00000000c1d00000, 0x00000000c1d00000|100%| O|  |TAMS 0x00000000c1d00000, 0x00000000c1c00000| Updating 
|   3|0x00000000c1d00000, 0x00000000c1df8200, 0x00000000c1e00000| 96%| O|  |TAMS 0x00000000c1df8200, 0x00000000c1d00000| Untracked 
|   4|0x00000000c1e00000, 0x00000000c1e00000, 0x00000000c1f00000|  0%| F|  |TAMS 0x00000000c1e00000, 0x00000000c1e00000| Untracked 
|   5|0x00000000c1f00000, 0x00000000c1f00000, 0x00000000c2000000|  0%| F|  |TAMS 0x00000000c1f00000, 0x00000000c1f00000| Untracked 
|   6|0x00000000c2000000, 0x00000000c2000000, 0x00000000c2100000|  0%| F|  |TAMS 0x00000000c2000000, 0x00000000c2000000| Untracked 
|   7|0x00000000c2100000, 0x00000000c2100000, 0x00000000c2200000|  0%| F|  |TAMS 0x00000000c2100000, 0x00000000c2100000| Untracked 
|   8|0x00000000c2200000, 0x00000000c2200000, 0x00000000c2300000|  0%| F|  |TAMS 0x00000000c2200000, 0x00000000c2200000| Untracked 
|   9|0x00000000c2300000, 0x00000000c2300000, 0x00000000c2400000|  0%| F|  |TAMS 0x00000000c2300000, 0x00000000c2300000| Untracked 
|  10|0x00000000c2400000, 0x00000000c2400000, 0x00000000c2500000|  0%| F|  |TAMS 0x00000000c2400000, 0x00000000c2400000| Untracked 
|  11|0x00000000c2500000, 0x00000000c2500000, 0x00000000c2600000|  0%| F|  |TAMS 0x00000000c2500000, 0x00000000c2500000| Untracked 
|  12|0x00000000c2600000, 0x00000000c2600000, 0x00000000c2700000|  0%| F|  |TAMS 0x00000000c2600000, 0x00000000c2600000| Untracked 
|  13|0x00000000c2700000, 0x00000000c2700000, 0x00000000c2800000|  0%| F|  |TAMS 0x00000000c2700000, 0x00000000c2700000| Untracked 
|  14|0x00000000c2800000, 0x00000000c2800000, 0x00000000c2900000|  0%| F|  |TAMS 0x00000000c2800000, 0x00000000c2800000| Untracked 
|  15|0x00000000c2900000, 0x00000000c2900000, 0x00000000c2a00000|  0%| F|  |TAMS 0x00000000c2900000, 0x00000000c2900000| Untracked 
|  16|0x00000000c2a00000, 0x00000000c2a00000, 0x00000000c2b00000|  0%| F|  |TAMS 0x00000000c2a00000, 0x00000000c2a00000| Untracked 
|  17|0x00000000c2b00000, 0x00000000c2b00000, 0x00000000c2c00000|  0%| F|  |TAMS 0x00000000c2b00000, 0x00000000c2b00000| Untracked 
|  18|0x00000000c2c00000, 0x00000000c2c00000, 0x00000000c2d00000|  0%| F|  |TAMS 0x00000000c2c00000, 0x00000000c2c00000| Untracked 
|  19|0x00000000c2d00000, 0x00000000c2d00000, 0x00000000c2e00000|  0%| F|  |TAMS 0x00000000c2d00000, 0x00000000c2d00000| Untracked 
|  20|0x00000000c2e00000, 0x00000000c2e00000, 0x00000000c2f00000|  0%| F|  |TAMS 0x00000000c2e00000, 0x00000000c2e00000| Untracked 
|  21|0x00000000c2f00000, 0x00000000c2f00000, 0x00000000c3000000|  0%| F|  |TAMS 0x00000000c2f00000, 0x00000000c2f00000| Untracked 
|  22|0x00000000c3000000, 0x00000000c3000000, 0x00000000c3100000|  0%| F|  |TAMS 0x00000000c3000000, 0x00000000c3000000| Untracked 
|  23|0x00000000c3100000, 0x00000000c3100000, 0x00000000c3200000|  0%| F|  |TAMS 0x00000000c3100000, 0x00000000c3100000| Untracked 
|  24|0x00000000c3200000, 0x00000000c3200000, 0x00000000c3300000|  0%| F|  |TAMS 0x00000000c3200000, 0x00000000c3200000| Untracked 
|  25|0x00000000c3300000, 0x00000000c3300000, 0x00000000c3400000|  0%| F|  |TAMS 0x00000000c3300000, 0x00000000c3300000| Untracked 
|  26|0x00000000c3400000, 0x00000000c3400000, 0x00000000c3500000|  0%| F|  |TAMS 0x00000000c3400000, 0x00000000c3400000| Untracked 
|  27|0x00000000c3500000, 0x00000000c3500000, 0x00000000c3600000|  0%| F|  |TAMS 0x00000000c3500000, 0x00000000c3500000| Untracked 
|  28|0x00000000c3600000, 0x00000000c3600000, 0x00000000c3700000|  0%| F|  |TAMS 0x00000000c3600000, 0x00000000c3600000| Untracked 
|  29|0x00000000c3700000, 0x00000000c3700000, 0x00000000c3800000|  0%| F|  |TAMS 0x00000000c3700000, 0x00000000c3700000| Untracked 
|  30|0x00000000c3800000, 0x00000000c3800000, 0x00000000c3900000|  0%| F|  |TAMS 0x00000000c3800000, 0x00000000c3800000| Untracked 
|  31|0x00000000c3900000, 0x00000000c3900000, 0x00000000c3a00000|  0%| F|  |TAMS 0x00000000c3900000, 0x00000000c3900000| Untracked 
|  32|0x00000000c3a00000, 0x00000000c3a00000, 0x00000000c3b00000|  0%| F|  |TAMS 0x00000000c3a00000, 0x00000000c3a00000| Untracked 
|  33|0x00000000c3b00000, 0x00000000c3b00000, 0x00000000c3c00000|  0%| F|  |TAMS 0x00000000c3b00000, 0x00000000c3b00000| Untracked 
|  34|0x00000000c3c00000, 0x00000000c3c00000, 0x00000000c3d00000|  0%| F|  |TAMS 0x00000000c3c00000, 0x00000000c3c00000| Untracked 
|  35|0x00000000c3d00000, 0x00000000c3d00000, 0x00000000c3e00000|  0%| F|  |TAMS 0x00000000c3d00000, 0x00000000c3d00000| Untracked 
|  36|0x00000000c3e00000, 0x00000000c3e00000, 0x00000000c3f00000|  0%| F|  |TAMS 0x00000000c3e00000, 0x00000000c3e00000| Untracked 
|  37|0x00000000c3f00000, 0x00000000c3f00000, 0x00000000c4000000|  0%| F|  |TAMS 0x00000000c3f00000, 0x00000000c3f00000| Untracked 
|  38|0x00000000c4000000, 0x00000000c4000000, 0x00000000c4100000|  0%| F|  |TAMS 0x00000000c4000000, 0x00000000c4000000| Untracked 
|  39|0x00000000c4100000, 0x00000000c4100000, 0x00000000c4200000|  0%| F|  |TAMS 0x00000000c4100000, 0x00000000c4100000| Untracked 
|  40|0x00000000c4200000, 0x00000000c4200000, 0x00000000c4300000|  0%| F|  |TAMS 0x00000000c4200000, 0x00000000c4200000| Untracked 
|  41|0x00000000c4300000, 0x00000000c43138e0, 0x00000000c4400000|  7%| S|CS|TAMS 0x00000000c4300000, 0x00000000c4300000| Complete 
|  42|0x00000000c4400000, 0x00000000c4400000, 0x00000000c4500000|  0%| F|  |TAMS 0x00000000c4400000, 0x00000000c4400000| Untracked 
|  43|0x00000000c4500000, 0x00000000c4500000, 0x00000000c4600000|  0%| F|  |TAMS 0x00000000c4500000, 0x00000000c4500000| Untracked 
|  44|0x00000000c4600000, 0x00000000c4600000, 0x00000000c4700000|  0%| F|  |TAMS 0x00000000c4600000, 0x00000000c4600000| Untracked 
|  45|0x00000000c4700000, 0x00000000c4700000, 0x00000000c4800000|  0%| F|  |TAMS 0x00000000c4700000, 0x00000000c4700000| Untracked 
|  46|0x00000000c4800000, 0x00000000c4800000, 0x00000000c4900000|  0%| F|  |TAMS 0x00000000c4800000, 0x00000000c4800000| Untracked 
|  47|0x00000000c4900000, 0x00000000c4900000, 0x00000000c4a00000|  0%| F|  |TAMS 0x00000000c4900000, 0x00000000c4900000| Untracked 
|  48|0x00000000c4a00000, 0x00000000c4a00000, 0x00000000c4b00000|  0%| F|  |TAMS 0x00000000c4a00000, 0x00000000c4a00000| Untracked 
|  49|0x00000000c4b00000, 0x00000000c4b00000, 0x00000000c4c00000|  0%| F|  |TAMS 0x00000000c4b00000, 0x00000000c4b00000| Untracked 
|  50|0x00000000c4c00000, 0x00000000c4c00000, 0x00000000c4d00000|  0%| F|  |TAMS 0x00000000c4c00000, 0x00000000c4c00000| Untracked 
|  51|0x00000000c4d00000, 0x00000000c4d00000, 0x00000000c4e00000|  0%| F|  |TAMS 0x00000000c4d00000, 0x00000000c4d00000| Untracked 
|  52|0x00000000c4e00000, 0x00000000c4e00000, 0x00000000c4f00000|  0%| F|  |TAMS 0x00000000c4e00000, 0x00000000c4e00000| Untracked 
|  53|0x00000000c4f00000, 0x00000000c4f00000, 0x00000000c5000000|  0%| F|  |TAMS 0x00000000c4f00000, 0x00000000c4f00000| Untracked 
|  54|0x00000000c5000000, 0x00000000c5000000, 0x00000000c5100000|  0%| F|  |TAMS 0x00000000c5000000, 0x00000000c5000000| Untracked 
|  55|0x00000000c5100000, 0x00000000c5100000, 0x00000000c5200000|  0%| F|  |TAMS 0x00000000c5100000, 0x00000000c5100000| Untracked 
|  56|0x00000000c5200000, 0x00000000c5200000, 0x00000000c5300000|  0%| F|  |TAMS 0x00000000c5200000, 0x00000000c5200000| Untracked 
|  57|0x00000000c5300000, 0x00000000c5300000, 0x00000000c5400000|  0%| F|  |TAMS 0x00000000c5300000, 0x00000000c5300000| Untracked 
|  58|0x00000000c5400000, 0x00000000c5400000, 0x00000000c5500000|  0%| F|  |TAMS 0x00000000c5400000, 0x00000000c5400000| Untracked 
|  59|0x00000000c5500000, 0x00000000c5500000, 0x00000000c5600000|  0%| F|  |TAMS 0x00000000c5500000, 0x00000000c5500000| Untracked 
|  60|0x00000000c5600000, 0x00000000c5600000, 0x00000000c5700000|  0%| F|  |TAMS 0x00000000c5600000, 0x00000000c5600000| Untracked 
|  61|0x00000000c5700000, 0x00000000c5700000, 0x00000000c5800000|  0%| F|  |TAMS 0x00000000c5700000, 0x00000000c5700000| Untracked 
|  62|0x00000000c5800000, 0x00000000c5800000, 0x00000000c5900000|  0%| F|  |TAMS 0x00000000c5800000, 0x00000000c5800000| Untracked 
|  63|0x00000000c5900000, 0x00000000c59bf248, 0x00000000c5a00000| 74%| E|  |TAMS 0x00000000c5900000, 0x00000000c5900000| Complete 
|  64|0x00000000c5a00000, 0x00000000c5b00000, 0x00000000c5b00000|100%|HS|  |TAMS 0x00000000c5b00000, 0x00000000c5a00000| Complete 
|  65|0x00000000c5b00000, 0x00000000c5c00000, 0x00000000c5c00000|100%|HC|  |TAMS 0x00000000c5c00000, 0x00000000c5b00000| Complete 
|  66|0x00000000c5c00000, 0x00000000c5d00000, 0x00000000c5d00000|100%|HC|  |TAMS 0x00000000c5d00000, 0x00000000c5c00000| Complete 
|  67|0x00000000c5d00000, 0x00000000c5e00000, 0x00000000c5e00000|100%|HC|  |TAMS 0x00000000c5e00000, 0x00000000c5d00000| Complete 
|  68|0x00000000c5e00000, 0x00000000c5f00000, 0x00000000c5f00000|100%|HC|  |TAMS 0x00000000c5f00000, 0x00000000c5e00000| Complete 
|  69|0x00000000c5f00000, 0x00000000c6000000, 0x00000000c6000000|100%|HC|  |TAMS 0x00000000c6000000, 0x00000000c5f00000| Complete 
|  70|0x00000000c6000000, 0x00000000c6100000, 0x00000000c6100000|100%|HC|  |TAMS 0x00000000c6100000, 0x00000000c6000000| Complete 
|  71|0x00000000c6100000, 0x00000000c6200000, 0x00000000c6200000|100%|HC|  |TAMS 0x00000000c6200000, 0x00000000c6100000| Complete 
|  72|0x00000000c6200000, 0x00000000c6300000, 0x00000000c6300000|100%|HC|  |TAMS 0x00000000c6300000, 0x00000000c6200000| Complete 
|  73|0x00000000c6300000, 0x00000000c6400000, 0x00000000c6400000|100%|HC|  |TAMS 0x00000000c6400000, 0x00000000c6300000| Complete 
|  74|0x00000000c6400000, 0x00000000c6500000, 0x00000000c6500000|100%|HC|  |TAMS 0x00000000c6500000, 0x00000000c6400000| Complete 
|  75|0x00000000c6500000, 0x00000000c6600000, 0x00000000c6600000|100%|HC|  |TAMS 0x00000000c6600000, 0x00000000c6500000| Complete 
|  76|0x00000000c6600000, 0x00000000c6700000, 0x00000000c6700000|100%|HC|  |TAMS 0x00000000c6700000, 0x00000000c6600000| Complete 
|  77|0x00000000c6700000, 0x00000000c6800000, 0x00000000c6800000|100%|HC|  |TAMS 0x00000000c6800000, 0x00000000c6700000| Complete 
|  78|0x00000000c6800000, 0x00000000c6900000, 0x00000000c6900000|100%|HC|  |TAMS 0x00000000c6900000, 0x00000000c6800000| Complete 
|  79|0x00000000c6900000, 0x00000000c6a00000, 0x00000000c6a00000|100%|HC|  |TAMS 0x00000000c6a00000, 0x00000000c6900000| Complete 
|  80|0x00000000c6a00000, 0x00000000c6b00000, 0x00000000c6b00000|100%|HC|  |TAMS 0x00000000c6b00000, 0x00000000c6a00000| Complete 
|  81|0x00000000c6b00000, 0x00000000c6c00000, 0x00000000c6c00000|100%|HC|  |TAMS 0x00000000c6c00000, 0x00000000c6b00000| Complete 
|  82|0x00000000c6c00000, 0x00000000c6d00000, 0x00000000c6d00000|100%|HC|  |TAMS 0x00000000c6d00000, 0x00000000c6c00000| Complete 
|  83|0x00000000c6d00000, 0x00000000c6e00000, 0x00000000c6e00000|100%|HC|  |TAMS 0x00000000c6e00000, 0x00000000c6d00000| Complete 
|  84|0x00000000c6e00000, 0x00000000c6f00000, 0x00000000c6f00000|100%|HC|  |TAMS 0x00000000c6f00000, 0x00000000c6e00000| Complete 
|  85|0x00000000c6f00000, 0x00000000c7000000, 0x00000000c7000000|100%|HC|  |TAMS 0x00000000c7000000, 0x00000000c6f00000| Complete 
|  86|0x00000000c7000000, 0x00000000c7100000, 0x00000000c7100000|100%|HC|  |TAMS 0x00000000c7100000, 0x00000000c7000000| Complete 
|  87|0x00000000c7100000, 0x00000000c7200000, 0x00000000c7200000|100%|HC|  |TAMS 0x00000000c7200000, 0x00000000c7100000| Complete 
|  88|0x00000000c7200000, 0x00000000c7300000, 0x00000000c7300000|100%|HC|  |TAMS 0x00000000c7300000, 0x00000000c7200000| Complete 
|  89|0x00000000c7300000, 0x00000000c7400000, 0x00000000c7400000|100%|HC|  |TAMS 0x00000000c7400000, 0x00000000c7300000| Complete 
|  90|0x00000000c7400000, 0x00000000c7500000, 0x00000000c7500000|100%|HC|  |TAMS 0x00000000c7500000, 0x00000000c7400000| Complete 
|  91|0x00000000c7500000, 0x00000000c7600000, 0x00000000c7600000|100%|HC|  |TAMS 0x00000000c7600000, 0x00000000c7500000| Complete 
|  92|0x00000000c7600000, 0x00000000c7700000, 0x00000000c7700000|100%|HC|  |TAMS 0x00000000c7700000, 0x00000000c7600000| Complete 
|  93|0x00000000c7700000, 0x00000000c7800000, 0x00000000c7800000|100%|HC|  |TAMS 0x00000000c7800000, 0x00000000c7700000| Complete 
|  94|0x00000000c7800000, 0x00000000c7900000, 0x00000000c7900000|100%|HC|  |TAMS 0x00000000c7900000, 0x00000000c7800000| Complete 
|  95|0x00000000c7900000, 0x00000000c7a00000, 0x00000000c7a00000|100%|HC|  |TAMS 0x00000000c7a00000, 0x00000000c7900000| Complete 
|  96|0x00000000c7a00000, 0x00000000c7b00000, 0x00000000c7b00000|100%|HC|  |TAMS 0x00000000c7b00000, 0x00000000c7a00000| Complete 
|  97|0x00000000c7b00000, 0x00000000c7c00000, 0x00000000c7c00000|100%|HC|  |TAMS 0x00000000c7c00000, 0x00000000c7b00000| Complete 
|  98|0x00000000c7c00000, 0x00000000c7d00000, 0x00000000c7d00000|100%|HC|  |TAMS 0x00000000c7d00000, 0x00000000c7c00000| Complete 
|  99|0x00000000c7d00000, 0x00000000c7e00000, 0x00000000c7e00000|100%|HC|  |TAMS 0x00000000c7e00000, 0x00000000c7d00000| Complete 
| 100|0x00000000c7e00000, 0x00000000c7f00000, 0x00000000c7f00000|100%|HC|  |TAMS 0x00000000c7f00000, 0x00000000c7e00000| Complete 
| 101|0x00000000c7f00000, 0x00000000c8000000, 0x00000000c8000000|100%|HC|  |TAMS 0x00000000c8000000, 0x00000000c7f00000| Complete 
| 102|0x00000000c8000000, 0x00000000c8100000, 0x00000000c8100000|100%|HC|  |TAMS 0x00000000c8100000, 0x00000000c8000000| Complete 
| 103|0x00000000c8100000, 0x00000000c8200000, 0x00000000c8200000|100%|HC|  |TAMS 0x00000000c8200000, 0x00000000c8100000| Complete 
| 104|0x00000000c8200000, 0x00000000c8300000, 0x00000000c8300000|100%|HC|  |TAMS 0x00000000c8300000, 0x00000000c8200000| Complete 
| 105|0x00000000c8300000, 0x00000000c8400000, 0x00000000c8400000|100%|HC|  |TAMS 0x00000000c8400000, 0x00000000c8300000| Complete 
| 106|0x00000000c8400000, 0x00000000c8500000, 0x00000000c8500000|100%|HC|  |TAMS 0x00000000c8500000, 0x00000000c8400000| Complete 
| 107|0x00000000c8500000, 0x00000000c8600000, 0x00000000c8600000|100%|HC|  |TAMS 0x00000000c8600000, 0x00000000c8500000| Complete 
| 108|0x00000000c8600000, 0x00000000c8700000, 0x00000000c8700000|100%|HC|  |TAMS 0x00000000c8700000, 0x00000000c8600000| Complete 
| 109|0x00000000c8700000, 0x00000000c8800000, 0x00000000c8800000|100%|HC|  |TAMS 0x00000000c8800000, 0x00000000c8700000| Complete 
| 110|0x00000000c8800000, 0x00000000c8900000, 0x00000000c8900000|100%|HC|  |TAMS 0x00000000c8900000, 0x00000000c8800000| Complete 
| 111|0x00000000c8900000, 0x00000000c8a00000, 0x00000000c8a00000|100%|HC|  |TAMS 0x00000000c8a00000, 0x00000000c8900000| Complete 
| 112|0x00000000c8a00000, 0x00000000c8b00000, 0x00000000c8b00000|100%|HC|  |TAMS 0x00000000c8b00000, 0x00000000c8a00000| Complete 
| 113|0x00000000c8b00000, 0x00000000c8c00000, 0x00000000c8c00000|100%|HC|  |TAMS 0x00000000c8c00000, 0x00000000c8b00000| Complete 
| 114|0x00000000c8c00000, 0x00000000c8d00000, 0x00000000c8d00000|100%|HC|  |TAMS 0x00000000c8d00000, 0x00000000c8c00000| Complete 
| 115|0x00000000c8d00000, 0x00000000c8e00000, 0x00000000c8e00000|100%|HC|  |TAMS 0x00000000c8e00000, 0x00000000c8d00000| Complete 
| 116|0x00000000c8e00000, 0x00000000c8f00000, 0x00000000c8f00000|100%|HC|  |TAMS 0x00000000c8f00000, 0x00000000c8e00000| Complete 
| 117|0x00000000c8f00000, 0x00000000c9000000, 0x00000000c9000000|100%|HC|  |TAMS 0x00000000c9000000, 0x00000000c8f00000| Complete 
| 118|0x00000000c9000000, 0x00000000c9100000, 0x00000000c9100000|100%|HC|  |TAMS 0x00000000c9100000, 0x00000000c9000000| Complete 
| 119|0x00000000c9100000, 0x00000000c9200000, 0x00000000c9200000|100%|HC|  |TAMS 0x00000000c9200000, 0x00000000c9100000| Complete 
| 120|0x00000000c9200000, 0x00000000c9300000, 0x00000000c9300000|100%|HC|  |TAMS 0x00000000c9300000, 0x00000000c9200000| Complete 
| 121|0x00000000c9300000, 0x00000000c9400000, 0x00000000c9400000|100%|HC|  |TAMS 0x00000000c9400000, 0x00000000c9300000| Complete 
| 122|0x00000000c9400000, 0x00000000c9500000, 0x00000000c9500000|100%|HC|  |TAMS 0x00000000c9500000, 0x00000000c9400000| Complete 
| 123|0x00000000c9500000, 0x00000000c9600000, 0x00000000c9600000|100%|HC|  |TAMS 0x00000000c9600000, 0x00000000c9500000| Complete 
| 124|0x00000000c9600000, 0x00000000c9700000, 0x00000000c9700000|100%|HC|  |TAMS 0x00000000c9700000, 0x00000000c9600000| Complete 
| 125|0x00000000c9700000, 0x00000000c9800000, 0x00000000c9800000|100%|HC|  |TAMS 0x00000000c9800000, 0x00000000c9700000| Complete 
| 126|0x00000000c9800000, 0x00000000c9900000, 0x00000000c9900000|100%|HC|  |TAMS 0x00000000c9900000, 0x00000000c9800000| Complete 
| 127|0x00000000c9900000, 0x00000000c9a00000, 0x00000000c9a00000|100%|HC|  |TAMS 0x00000000c9a00000, 0x00000000c9900000| Complete 
| 128|0x00000000c9a00000, 0x00000000c9b00000, 0x00000000c9b00000|100%|HC|  |TAMS 0x00000000c9b00000, 0x00000000c9a00000| Complete 
| 129|0x00000000c9b00000, 0x00000000c9c00000, 0x00000000c9c00000|100%|HC|  |TAMS 0x00000000c9c00000, 0x00000000c9b00000| Complete 
| 130|0x00000000c9c00000, 0x00000000c9d00000, 0x00000000c9d00000|100%|HC|  |TAMS 0x00000000c9d00000, 0x00000000c9c00000| Complete 
| 131|0x00000000c9d00000, 0x00000000c9e00000, 0x00000000c9e00000|100%|HC|  |TAMS 0x00000000c9e00000, 0x00000000c9d00000| Complete 
| 132|0x00000000c9e00000, 0x00000000c9f00000, 0x00000000c9f00000|100%|HC|  |TAMS 0x00000000c9f00000, 0x00000000c9e00000| Complete 
| 133|0x00000000c9f00000, 0x00000000ca000000, 0x00000000ca000000|100%|HC|  |TAMS 0x00000000ca000000, 0x00000000c9f00000| Complete 
| 134|0x00000000ca000000, 0x00000000ca100000, 0x00000000ca100000|100%|HC|  |TAMS 0x00000000ca100000, 0x00000000ca000000| Complete 
| 135|0x00000000ca100000, 0x00000000ca200000, 0x00000000ca200000|100%|HC|  |TAMS 0x00000000ca200000, 0x00000000ca100000| Complete 
| 136|0x00000000ca200000, 0x00000000ca300000, 0x00000000ca300000|100%|HC|  |TAMS 0x00000000ca300000, 0x00000000ca200000| Complete 
| 137|0x00000000ca300000, 0x00000000ca400000, 0x00000000ca400000|100%|HC|  |TAMS 0x00000000ca400000, 0x00000000ca300000| Complete 
| 138|0x00000000ca400000, 0x00000000ca500000, 0x00000000ca500000|100%|HC|  |TAMS 0x00000000ca500000, 0x00000000ca400000| Complete 
| 139|0x00000000ca500000, 0x00000000ca600000, 0x00000000ca600000|100%|HC|  |TAMS 0x00000000ca600000, 0x00000000ca500000| Complete 
| 140|0x00000000ca600000, 0x00000000ca700000, 0x00000000ca700000|100%|HC|  |TAMS 0x00000000ca700000, 0x00000000ca600000| Complete 
| 141|0x00000000ca700000, 0x00000000ca800000, 0x00000000ca800000|100%|HC|  |TAMS 0x00000000ca800000, 0x00000000ca700000| Complete 
| 142|0x00000000ca800000, 0x00000000ca900000, 0x00000000ca900000|100%|HC|  |TAMS 0x00000000ca900000, 0x00000000ca800000| Complete 
| 143|0x00000000ca900000, 0x00000000caa00000, 0x00000000caa00000|100%|HC|  |TAMS 0x00000000caa00000, 0x00000000ca900000| Complete 
| 144|0x00000000caa00000, 0x00000000cab00000, 0x00000000cab00000|100%|HC|  |TAMS 0x00000000cab00000, 0x00000000caa00000| Complete 
| 145|0x00000000cab00000, 0x00000000cac00000, 0x00000000cac00000|100%|HC|  |TAMS 0x00000000cac00000, 0x00000000cab00000| Complete 
| 146|0x00000000cac00000, 0x00000000cad00000, 0x00000000cad00000|100%|HC|  |TAMS 0x00000000cad00000, 0x00000000cac00000| Complete 
| 147|0x00000000cad00000, 0x00000000cae00000, 0x00000000cae00000|100%|HC|  |TAMS 0x00000000cae00000, 0x00000000cad00000| Complete 
| 148|0x00000000cae00000, 0x00000000caf00000, 0x00000000caf00000|100%|HC|  |TAMS 0x00000000caf00000, 0x00000000cae00000| Complete 
| 149|0x00000000caf00000, 0x00000000cb000000, 0x00000000cb000000|100%|HC|  |TAMS 0x00000000cb000000, 0x00000000caf00000| Complete 
| 150|0x00000000cb000000, 0x00000000cb100000, 0x00000000cb100000|100%|HC|  |TAMS 0x00000000cb100000, 0x00000000cb000000| Complete 
| 151|0x00000000cb100000, 0x00000000cb200000, 0x00000000cb200000|100%|HC|  |TAMS 0x00000000cb200000, 0x00000000cb100000| Complete 
| 152|0x00000000cb200000, 0x00000000cb300000, 0x00000000cb300000|100%|HC|  |TAMS 0x00000000cb300000, 0x00000000cb200000| Complete 
| 153|0x00000000cb300000, 0x00000000cb400000, 0x00000000cb400000|100%|HC|  |TAMS 0x00000000cb400000, 0x00000000cb300000| Complete 
| 154|0x00000000cb400000, 0x00000000cb500000, 0x00000000cb500000|100%|HC|  |TAMS 0x00000000cb500000, 0x00000000cb400000| Complete 
| 155|0x00000000cb500000, 0x00000000cb600000, 0x00000000cb600000|100%|HC|  |TAMS 0x00000000cb600000, 0x00000000cb500000| Complete 

Card table byte_map: [0x00000188b3d10000,0x00000188b3f10000] _byte_map_base: 0x00000188b3703000

Marking Bits (Prev, Next): (CMBitMap*) 0x000001889cbebfd0, (CMBitMap*) 0x000001889cbebf90
 Prev Bits: [0x00000188b50b0000, 0x00000188b6048000)
 Next Bits: [0x00000188b4110000, 0x00000188b50a8000)

Polling page: 0x000001889ab30000

Metaspace:

Usage:
  Non-class:      6.91 MB used.
      Class:    844.21 KB used.
       Both:      7.74 MB used.

Virtual space:
  Non-class space:       64.00 MB reserved,       7.06 MB ( 11%) committed,  1 nodes.
      Class space:        1.00 GB reserved,     960.00 KB ( <1%) committed,  1 nodes.
             Both:        1.06 GB reserved,       8.00 MB ( <1%) committed. 

Chunk freelists:
   Non-Class:  1003.00 KB
       Class:  3.11 MB
        Both:  4.09 MB

MaxMetaspaceSize: unlimited
CompressedClassSpaceSize: 1.00 GB
Initial GC threshold: 21.00 MB
Current GC threshold: 21.00 MB
CDS: on
MetaspaceReclaimPolicy: balanced
 - commit_granule_bytes: 65536.
 - commit_granule_words: 8192.
 - virtual_space_node_default_size: 8388608.
 - enlarge_chunks_in_place: 1.
 - new_chunks_are_fully_committed: 0.
 - uncommit_free_chunks: 1.
 - use_allocation_guard: 0.


Internal statistics:

num_allocs_failed_limit: 0.
num_arena_births: 154.
num_arena_deaths: 0.
num_vsnodes_births: 2.
num_vsnodes_deaths: 0.
num_space_committed: 128.
num_space_uncommitted: 0.
num_chunks_returned_to_freelist: 0.
num_chunks_taken_from_freelist: 174.
num_chunk_merges: 0.
num_chunk_splits: 119.
num_chunks_enlarged: 76.
num_inconsistent_stats: 0.

CodeHeap 'non-profiled nmethods': size=120000Kb used=298Kb max_used=298Kb free=119701Kb
 bounds [0x00000188ac5e0000, 0x00000188ac850000, 0x00000188b3b10000]
CodeHeap 'profiled nmethods': size=120000Kb used=1929Kb max_used=1929Kb free=118070Kb
 bounds [0x00000188a4b10000, 0x00000188a4d80000, 0x00000188ac040000]
CodeHeap 'non-nmethods': size=5760Kb used=1355Kb max_used=1372Kb free=4404Kb
 bounds [0x00000188ac040000, 0x00000188ac2b0000, 0x00000188ac5e0000]
 total_blobs=1726 nmethods=1127 adapters=511
 compilation: enabled
              stopped_count=0, restarted_count=0
 full_count=0

Compilation events (20 events):
Event: 2.089 Thread 0x00000188b84c1f10 1120       3       java.util.zip.InflaterInputStream::available (32 bytes)
Event: 2.090 Thread 0x00000188b84c1f10 nmethod 1120 0x00000188a4cee290 code [0x00000188a4cee480, 0x00000188a4cee928]
Event: 2.108 Thread 0x00000188b84c1f10 1121       3       sun.awt.image.ImageDecoder::setPixels (58 bytes)
Event: 2.109 Thread 0x00000188b84c1f10 nmethod 1121 0x00000188a4ceeb10 code [0x00000188a4ceed00, 0x00000188a4cef448]
Event: 2.147 Thread 0x00000188b84c1f10 1122       3       sun.awt.image.ImageWatched$WeakLink$$Lambda$146/0x00000008010a95a8::run (32 bytes)
Event: 2.147 Thread 0x00000188b84c1f10 nmethod 1122 0x00000188a4cef790 code [0x00000188a4cef940, 0x00000188a4cefaa8]
Event: 2.147 Thread 0x00000188b84c1f10 1123       3       sun.awt.image.ImageWatched$WeakLink::lambda$update$0 (19 bytes)
Event: 2.148 Thread 0x00000188b84c1f10 nmethod 1123 0x00000188a4cefb90 code [0x00000188a4cefd60, 0x00000188a4cf0008]
Event: 2.148 Thread 0x00000188b84c1f10 1124       3       java.awt.ImageMediaEntry::imageUpdate (51 bytes)
Event: 2.149 Thread 0x00000188b84c1f10 nmethod 1124 0x00000188a4cf0110 code [0x00000188a4cf0300, 0x00000188a4cf09c8]
Event: 2.150 Thread 0x00000188b84c1f10 1125       3       sun.awt.image.ImageWatched$WeakLink$$Lambda$146/0x00000008010a95a8::<init> (44 bytes)
Event: 2.151 Thread 0x00000188b84c1f10 nmethod 1125 0x00000188a4cf0c10 code [0x00000188a4cf0dc0, 0x00000188a4cf0ff8]
Event: 2.174 Thread 0x00000188b84b6170 nmethod 1096 0x00000188ac629390 code [0x00000188ac629560, 0x00000188ac62a7b8]
Event: 2.174 Thread 0x00000188b84b6170 1097 % !   4       sun.awt.image.PNGImageDecoder::produceImage @ 960 (1917 bytes)
Event: 2.293 Thread 0x00000188b84c1f10 1128   !   3       java.util.zip.Inflater::setInput (56 bytes)
Event: 2.294 Thread 0x00000188b84c1f10 nmethod 1128 0x00000188a4cf1110 code [0x00000188a4cf12e0, 0x00000188a4cf16c8]
Event: 2.295 Thread 0x00000188b84c1f10 1129       3       java.util.zip.InflaterInputStream::fill (60 bytes)
Event: 2.296 Thread 0x00000188b84c1f10 nmethod 1129 0x00000188a4cf1890 code [0x00000188a4cf1a80, 0x00000188a4cf1ef8]
Event: 2.296 Thread 0x00000188b84c1f10 1130       3       sun.awt.image.PNGFilterInputStream::read (89 bytes)
Event: 2.296 Thread 0x00000188b84c1f10 nmethod 1130 0x00000188a4cf2110 code [0x00000188a4cf22e0, 0x00000188a4cf2638]

GC Heap History (4 events):
Event: 1.799 GC heap before
{Heap before GC invocations=0 (full 0):
 garbage-first heap   total 65536K, used 11264K [0x00000000c1a00000, 0x0000000100000000)
  region size 1024K, 12 young (12288K), 0 survivors (0K)
 Metaspace       used 7884K, committed 8128K, reserved 1114112K
  class space    used 842K, committed 960K, reserved 1048576K
}
Event: 1.815 GC heap after
{Heap after GC invocations=1 (full 0):
 garbage-first heap   total 65536K, used 3560K [0x00000000c1a00000, 0x0000000100000000)
  region size 1024K, 2 young (2048K), 2 survivors (2048K)
 Metaspace       used 7884K, committed 8128K, reserved 1114112K
  class space    used 842K, committed 960K, reserved 1048576K
}
Event: 2.231 GC heap before
{Heap before GC invocations=1 (full 0):
 garbage-first heap   total 159744K, used 109032K [0x00000000c1a00000, 0x0000000100000000)
  region size 1024K, 14 young (14336K), 2 survivors (2048K)
 Metaspace       used 7922K, committed 8192K, reserved 1114112K
  class space    used 844K, committed 960K, reserved 1048576K
}
Event: 2.238 GC heap after
{Heap after GC invocations=2 (full 0):
 garbage-first heap   total 159744K, used 98581K [0x00000000c1a00000, 0x0000000100000000)
  region size 1024K, 1 young (1024K), 1 survivors (1024K)
 Metaspace       used 7922K, committed 8192K, reserved 1114112K
  class space    used 844K, committed 960K, reserved 1048576K
}

Dll operation events (9 events):
Event: 0.024 Loaded shared library C:\Program Files\Java\jdk-19\bin\java.dll
Event: 0.054 Loaded shared library C:\Program Files\Java\jdk-19\bin\jsvml.dll
Event: 0.192 Loaded shared library C:\Program Files\Java\jdk-19\bin\net.dll
Event: 0.198 Loaded shared library C:\Program Files\Java\jdk-19\bin\nio.dll
Event: 0.207 Loaded shared library C:\Program Files\Java\jdk-19\bin\zip.dll
Event: 0.292 Loaded shared library C:\Program Files\Java\jdk-19\bin\jimage.dll
Event: 0.347 Loaded shared library C:\Program Files\Java\jdk-19\bin\awt.dll
Event: 1.320 Loaded shared library C:\Program Files\Java\jdk-19\bin\freetype.dll
Event: 1.323 Loaded shared library C:\Program Files\Java\jdk-19\bin\fontmanager.dll

Deoptimization events (20 events):
Event: 2.168 Thread 0x00000188bc87a7f0 DEOPT PACKING pc=0x00000188a4c3167d sp=0x0000002aa3afee90
Event: 2.168 Thread 0x00000188bc87a7f0 DEOPT UNPACKING pc=0x00000188ac0a7525 sp=0x0000002aa3afe300 mode 0
Event: 2.168 Thread 0x00000188bc87a7f0 DEOPT PACKING pc=0x00000188a4c3167d sp=0x0000002aa3afee90
Event: 2.168 Thread 0x00000188bc87a7f0 DEOPT UNPACKING pc=0x00000188ac0a7525 sp=0x0000002aa3afe300 mode 0
Event: 2.169 Thread 0x00000188bc87a7f0 DEOPT PACKING pc=0x00000188a4c3167d sp=0x0000002aa3afee90
Event: 2.169 Thread 0x00000188bc87a7f0 DEOPT UNPACKING pc=0x00000188ac0a7525 sp=0x0000002aa3afe300 mode 0
Event: 2.170 Thread 0x00000188bc87a7f0 DEOPT PACKING pc=0x00000188a4c3167d sp=0x0000002aa3afee90
Event: 2.170 Thread 0x00000188bc87a7f0 DEOPT UNPACKING pc=0x00000188ac0a7525 sp=0x0000002aa3afe300 mode 0
Event: 2.171 Thread 0x00000188bc87a7f0 DEOPT PACKING pc=0x00000188a4c3167d sp=0x0000002aa3afee90
Event: 2.171 Thread 0x00000188bc87a7f0 DEOPT UNPACKING pc=0x00000188ac0a7525 sp=0x0000002aa3afe300 mode 0
Event: 2.171 Thread 0x00000188bc87a7f0 DEOPT PACKING pc=0x00000188a4c3167d sp=0x0000002aa3afee90
Event: 2.171 Thread 0x00000188bc87a7f0 DEOPT UNPACKING pc=0x00000188ac0a7525 sp=0x0000002aa3afe300 mode 0
Event: 2.172 Thread 0x00000188bc87a7f0 DEOPT PACKING pc=0x00000188a4c3167d sp=0x0000002aa3afee90
Event: 2.172 Thread 0x00000188bc87a7f0 DEOPT UNPACKING pc=0x00000188ac0a7525 sp=0x0000002aa3afe300 mode 0
Event: 2.172 Thread 0x00000188bc87a7f0 DEOPT PACKING pc=0x00000188a4c3167d sp=0x0000002aa3afee90
Event: 2.172 Thread 0x00000188bc87a7f0 DEOPT UNPACKING pc=0x00000188ac0a7525 sp=0x0000002aa3afe300 mode 0
Event: 2.173 Thread 0x00000188bc87a7f0 DEOPT PACKING pc=0x00000188a4c3167d sp=0x0000002aa3afee90
Event: 2.173 Thread 0x00000188bc87a7f0 DEOPT UNPACKING pc=0x00000188ac0a7525 sp=0x0000002aa3afe300 mode 0
Event: 2.173 Thread 0x00000188bc87a7f0 DEOPT PACKING pc=0x00000188a4c3167d sp=0x0000002aa3afee90
Event: 2.173 Thread 0x00000188bc87a7f0 DEOPT UNPACKING pc=0x00000188ac0a7525 sp=0x0000002aa3afe300 mode 0

Classes loaded (20 events):
Event: 1.789 Loading class java/awt/TrayIcon
Event: 1.789 Loading class java/awt/TrayIcon done
Event: 1.789 Loading class javax/swing/RepaintManager$2$1
Event: 1.790 Loading class javax/swing/RepaintManager$2$1 done
Event: 1.790 Loading class javax/swing/table/TableColumn
Event: 1.791 Loading class javax/swing/table/TableColumn done
Event: 1.791 Loading class javax/swing/event/SwingPropertyChangeSupport
Event: 1.791 Loading class javax/swing/event/SwingPropertyChangeSupport done
Event: 1.792 Loading class javax/swing/event/TableColumnModelEvent
Event: 1.792 Loading class javax/swing/event/TableColumnModelEvent done
Event: 1.792 Loading class javax/swing/plaf/metal/MetalBorders$TableHeaderBorder
Event: 1.792 Loading class javax/swing/plaf/metal/MetalBorders$TableHeaderBorder done
Event: 1.796 Loading class sun/font/CompositeGlyphMapper
Event: 1.796 Loading class sun/font/CompositeGlyphMapper done
Event: 1.827 Loading class sun/awt/dnd/SunDropTargetEvent
Event: 1.827 Loading class sun/awt/dnd/SunDropTargetEvent done
Event: 1.827 Loading class java/awt/event/FocusEvent
Event: 1.827 Loading class java/awt/event/FocusEvent done
Event: 1.831 Loading class java/awt/event/ContainerEvent
Event: 1.831 Loading class java/awt/event/ContainerEvent done

Classes unloaded (0 events):
No events

Classes redefined (0 events):
No events

Internal exceptions (17 events):
Event: 0.314 Thread 0x000001889cba9320 Exception <a 'java/lang/ClassNotFoundException'{0x00000000c5898b78}: sun/awt/resources/spi/awtProvider> (0x00000000c5898b78) 
thrown [s\open\src\hotspot\share\classfile\systemDictionary.cpp, line 255]
Event: 0.389 Thread 0x000001889cba9320 Exception <a 'java/io/FileNotFoundException'{0x00000000c58f1f48}> (0x00000000c58f1f48) 
thrown [s\open\src\hotspot\share\prims\jni.cpp, line 517]
Event: 0.411 Thread 0x000001889cba9320 Exception <a 'java/io/FileNotFoundException'{0x00000000c571ea00}> (0x00000000c571ea00) 
thrown [s\open\src\hotspot\share\prims\jni.cpp, line 517]
Event: 0.536 Thread 0x000001889cba9320 Exception <a 'java/lang/NoSuchMethodError'{0x00000000c576c850}: 'java.lang.Object java.lang.invoke.DirectMethodHandle$Holder.invokeStaticInit(java.lang.Object)'> (0x00000000c576c850) 
thrown [s\open\src\hotspot\share\interpreter\linkResolver.cpp, line 774]
Event: 0.635 Thread 0x000001889cba9320 Exception <a 'java/lang/NoSuchMethodError'{0x00000000c563c490}: 'void java.lang.invoke.DirectMethodHandle$Holder.invokeSpecial(java.lang.Object, java.lang.Object, java.lang.Object)'> (0x00000000c563c490) 
thrown [s\open\src\hotspot\share\interpreter\linkResolver.cpp, line 774]
Event: 0.665 Thread 0x000001889cba9320 Exception <a 'java/lang/NoSuchMethodError'{0x00000000c56671f0}: 'java.lang.Object java.lang.invoke.DirectMethodHandle$Holder.newInvokeSpecial(java.lang.Object, java.lang.Object, java.lang.Object, java.lang.Object, java.lang.Object)'> (0x00000000c56671f0) 
thrown [s\open\src\hotspot\share\interpreter\linkResolver.cpp, line 774]
Event: 0.688 Thread 0x000001889cba9320 Exception <a 'java/lang/NoSuchMethodError'{0x00000000c5698b48}: 'java.lang.Object java.lang.invoke.DirectMethodHandle$Holder.invokeStatic(java.lang.Object, int, java.lang.Object)'> (0x00000000c5698b48) 
thrown [s\open\src\hotspot\share\interpreter\linkResolver.cpp, line 774]
Event: 0.803 Thread 0x000001889cba9320 Exception <a 'java/lang/ClassNotFoundException'{0x00000000c558c3b8}: com/sun/swing/internal/plaf/metal/resources/spi/metalProvider> (0x00000000c558c3b8) 
thrown [s\open\src\hotspot\share\classfile\systemDictionary.cpp, line 255]
Event: 0.807 Thread 0x000001889cba9320 Exception <a 'java/lang/ClassNotFoundException'{0x00000000c5590338}: com/sun/swing/internal/plaf/basic/resources/spi/basicProvider> (0x00000000c5590338) 
thrown [s\open\src\hotspot\share\classfile\systemDictionary.cpp, line 255]
Event: 0.836 Thread 0x000001889cba9320 Exception <a 'java/lang/NoSuchMethodError'{0x00000000c55b0600}: 'int java.lang.invoke.Invokers$Holder.invokeExact_MT(java.lang.Object, java.lang.Object)'> (0x00000000c55b0600) 
thrown [s\open\src\hotspot\share\interpreter\linkResolver.cpp, line 774]
Event: 1.183 Thread 0x00000188bc87a7f0 Exception <a 'java/lang/NoSuchMethodError'{0x00000000c522d548}: 'java.lang.Object java.lang.invoke.DirectMethodHandle$Holder.newInvokeSpecial(java.lang.Object, java.lang.Object, java.lang.Object, int, int, int, int, int)'> (0x00000000c522d548) 
thrown [s\open\src\hotspot\share\interpreter\linkResolver.cpp, line 774]
Event: 1.267 Thread 0x00000188bc87a2a0 Exception <a 'java/lang/NoSuchMethodError'{0x00000000c57d7880}: 'void java.lang.invoke.DirectMethodHandle$Holder.invokeVirtual(java.lang.Object, java.lang.Object)'> (0x00000000c57d7880) 
thrown [s\open\src\hotspot\share\interpreter\linkResolver.cpp, line 774]
Event: 1.307 Thread 0x000001889cba9320 Exception <a 'java/lang/NoSuchMethodError'{0x00000000c54290c8}: 'void java.lang.invoke.DirectMethodHandle$Holder.invokeStaticInit(java.lang.Object)'> (0x00000000c54290c8) 
thrown [s\open\src\hotspot\share\interpreter\linkResolver.cpp, line 774]
Event: 1.556 Thread 0x000001889cba9320 Exception <a 'java/io/FileNotFoundException'{0x00000000c50199d0}> (0x00000000c50199d0) 
thrown [s\open\src\hotspot\share\prims\jni.cpp, line 517]
Event: 1.565 Thread 0x000001889cba9320 Exception <a 'java/io/FileNotFoundException'{0x00000000c50289d0}> (0x00000000c50289d0) 
thrown [s\open\src\hotspot\share\prims\jni.cpp, line 517]
Event: 1.649 Thread 0x000001889cba9320 Exception <a 'java/io/FileNotFoundException'{0x00000000c50ce4d8}> (0x00000000c50ce4d8) 
thrown [s\open\src\hotspot\share\prims\jni.cpp, line 517]
Event: 1.706 Thread 0x000001889cba9320 Exception <a 'java/io/FileNotFoundException'{0x00000000c4f4e390}> (0x00000000c4f4e390) 
thrown [s\open\src\hotspot\share\prims\jni.cpp, line 517]

VM Operations (16 events):
Event: 0.802 Executing VM operation: HandshakeAllThreads
Event: 0.802 Executing VM operation: HandshakeAllThreads done
Event: 0.861 Executing VM operation: HandshakeAllThreads
Event: 0.861 Executing VM operation: HandshakeAllThreads done
Event: 0.952 Executing VM operation: HandshakeAllThreads
Event: 0.952 Executing VM operation: HandshakeAllThreads done
Event: 1.138 Executing VM operation: HandshakeAllThreads
Event: 1.138 Executing VM operation: HandshakeAllThreads done
Event: 1.138 Executing VM operation: Cleanup
Event: 1.138 Executing VM operation: Cleanup done
Event: 1.244 Executing VM operation: HandshakeAllThreads
Event: 1.244 Executing VM operation: HandshakeAllThreads done
Event: 1.799 Executing VM operation: G1TryInitiateConcMark
Event: 1.815 Executing VM operation: G1TryInitiateConcMark done
Event: 2.231 Executing VM operation: G1CollectForAllocation
Event: 2.238 Executing VM operation: G1CollectForAllocation done

Events (19 events):
Event: 0.055 Thread 0x000001889cba9320 Thread added: 0x000001889cba9320
Event: 0.098 Thread 0x00000188b84aaeb0 Thread added: 0x00000188b84aaeb0
Event: 0.099 Thread 0x00000188b84abaa0 Thread added: 0x00000188b84abaa0
Event: 0.100 Thread 0x00000188b84ae0a0 Thread added: 0x00000188b84ae0a0
Event: 0.100 Thread 0x00000188b84ae9d0 Thread added: 0x00000188b84ae9d0
Event: 0.100 Thread 0x00000188b84b0310 Thread added: 0x00000188b84b0310
Event: 0.101 Thread 0x00000188b84b0ec0 Thread added: 0x00000188b84b0ec0
Event: 0.101 Thread 0x00000188b84b6170 Thread added: 0x00000188b84b6170
Event: 0.102 Thread 0x00000188b84c1f10 Thread added: 0x00000188b84c1f10
Event: 0.103 Thread 0x00000188b84cfc90 Thread added: 0x00000188b84cfc90
Event: 0.169 Thread 0x00000188bc87b7e0 Thread added: 0x00000188bc87b7e0
Event: 0.181 Thread 0x00000188bc879d50 Thread added: 0x00000188bc879d50
Event: 0.539 Thread 0x00000188bc879800 Thread added: 0x00000188bc879800
Event: 0.541 Thread 0x00000188bc8792b0 Thread added: 0x00000188bc8792b0
Event: 0.545 Thread 0x00000188bc87a2a0 Thread added: 0x00000188bc87a2a0
Event: 0.963 Thread 0x00000188bc87b290 Thread added: 0x00000188bc87b290
Event: 0.998 Thread 0x00000188bc87a7f0 Thread added: 0x00000188bc87a7f0
Event: 1.103 Thread 0x00000188bd30bb20 Thread added: 0x00000188bd30bb20
Event: 2.005 Thread 0x00000188bd30bb20 Thread exited: 0x00000188bd30bb20


Dynamic libraries:
0x00007ff672cb0000 - 0x00007ff672cc0000 	C:\Program Files\Java\jdk-19\bin\java.exe
0x00007ffd232d0000 - 0x00007ffd234c8000 	C:\WINDOWS\SYSTEM32\ntdll.dll
0x00007ffd214f0000 - 0x00007ffd215af000 	C:\WINDOWS\System32\KERNEL32.DLL
0x00007ffd20c50000 - 0x00007ffd20f22000 	C:\WINDOWS\System32\KERNELBASE.dll
0x00007ffd20f60000 - 0x00007ffd21060000 	C:\WINDOWS\System32\ucrtbase.dll
0x00007ffd1a7a0000 - 0x00007ffd1a7bb000 	C:\Program Files\Java\jdk-19\bin\VCRUNTIME140.dll
0x00007ffd1b920000 - 0x00007ffd1b938000 	C:\Program Files\Java\jdk-19\bin\jli.dll
0x00007ffd217f0000 - 0x00007ffd2189e000 	C:\WINDOWS\System32\ADVAPI32.dll
0x00007ffd22470000 - 0x00007ffd2250e000 	C:\WINDOWS\System32\msvcrt.dll
0x00007ffd21750000 - 0x00007ffd217ec000 	C:\WINDOWS\System32\sechost.dll
0x00007ffd22180000 - 0x00007ffd222a5000 	C:\WINDOWS\System32\RPCRT4.dll
0x00007ffd22510000 - 0x00007ffd226b1000 	C:\WINDOWS\System32\USER32.dll
0x00007ffd20a30000 - 0x00007ffd20a52000 	C:\WINDOWS\System32\win32u.dll
0x00007ffd215b0000 - 0x00007ffd215db000 	C:\WINDOWS\System32\GDI32.dll
0x00007ffd20b40000 - 0x00007ffd20c4f000 	C:\WINDOWS\System32\gdi32full.dll
0x00007ffd21110000 - 0x00007ffd211ad000 	C:\WINDOWS\System32\msvcp_win.dll
0x00007ffd05da0000 - 0x00007ffd0603a000 	C:\WINDOWS\WinSxS\amd64_microsoft.windows.common-controls_6595b64144ccf1df_6.0.19041.1110_none_60b5254171f9507e\COMCTL32.dll
0x00007ffd11f40000 - 0x00007ffd11f4a000 	C:\WINDOWS\SYSTEM32\VERSION.dll
0x00007ffd22f80000 - 0x00007ffd22fb2000 	C:\WINDOWS\System32\IMM32.DLL
0x00007ffd1c3d0000 - 0x00007ffd1c3dc000 	C:\Program Files\Java\jdk-19\bin\vcruntime140_1.dll
0x00007ffcff2c0000 - 0x00007ffcff34e000 	C:\Program Files\Java\jdk-19\bin\msvcp140.dll
0x00007ffcdd570000 - 0x00007ffcde230000 	C:\Program Files\Java\jdk-19\bin\server\jvm.dll
0x00007ffd125c0000 - 0x00007ffd125c9000 	C:\WINDOWS\SYSTEM32\WSOCK32.dll
0x00007ffd12630000 - 0x00007ffd12657000 	C:\WINDOWS\SYSTEM32\WINMM.dll
0x00007ffd22310000 - 0x00007ffd2237b000 	C:\WINDOWS\System32\WS2_32.dll
0x00007ffd1e880000 - 0x00007ffd1e892000 	C:\WINDOWS\SYSTEM32\kernel.appcore.dll
0x00007ffd1b610000 - 0x00007ffd1b61a000 	C:\Program Files\Java\jdk-19\bin\jimage.dll
0x00007ffd08d00000 - 0x00007ffd08ee4000 	C:\WINDOWS\SYSTEM32\DBGHELP.DLL
0x00007ffd08f50000 - 0x00007ffd08f85000 	C:\WINDOWS\SYSTEM32\dbgcore.DLL
0x00007ffd20ab0000 - 0x00007ffd20b32000 	C:\WINDOWS\System32\bcryptPrimitives.dll
0x00007ffd020b0000 - 0x00007ffd020d6000 	C:\Program Files\Java\jdk-19\bin\java.dll
0x00007ffce94d0000 - 0x00007ffce95a7000 	C:\Program Files\Java\jdk-19\bin\jsvml.dll
0x00007ffd22720000 - 0x00007ffd22e64000 	C:\WINDOWS\System32\SHELL32.dll
0x00007ffd1ea80000 - 0x00007ffd1f212000 	C:\WINDOWS\SYSTEM32\windows.storage.dll
0x00007ffd21e00000 - 0x00007ffd22155000 	C:\WINDOWS\System32\combase.dll
0x00007ffd20340000 - 0x00007ffd20370000 	C:\WINDOWS\SYSTEM32\Wldp.dll
0x00007ffd22e70000 - 0x00007ffd22f1d000 	C:\WINDOWS\System32\SHCORE.dll
0x00007ffd21d10000 - 0x00007ffd21d65000 	C:\WINDOWS\System32\shlwapi.dll
0x00007ffd20900000 - 0x00007ffd2091f000 	C:\WINDOWS\SYSTEM32\profapi.dll
0x00007ffd1a710000 - 0x00007ffd1a723000 	C:\Program Files\Java\jdk-19\bin\net.dll
0x00007ffd16650000 - 0x00007ffd1675c000 	C:\WINDOWS\SYSTEM32\WINHTTP.dll
0x00007ffd200a0000 - 0x00007ffd2010a000 	C:\WINDOWS\system32\mswsock.dll
0x00007ffd13d70000 - 0x00007ffd13d86000 	C:\Program Files\Java\jdk-19\bin\nio.dll
0x00007ffd02090000 - 0x00007ffd020a8000 	C:\Program Files\Java\jdk-19\bin\zip.dll
0x00007ffcdf890000 - 0x00007ffcdfa21000 	C:\Program Files\Java\jdk-19\bin\awt.dll
0x00007ffd21680000 - 0x00007ffd2174d000 	C:\WINDOWS\System32\OLEAUT32.dll
0x00007ffd1e1c0000 - 0x00007ffd1e251000 	C:\WINDOWS\SYSTEM32\apphelp.dll
0x00007ffd1e490000 - 0x00007ffd1e4bf000 	C:\WINDOWS\system32\DWMAPI.DLL
0x00007ffd1e330000 - 0x00007ffd1e3ce000 	C:\WINDOWS\system32\uxtheme.dll
0x00007ffd13a70000 - 0x00007ffd13b95000 	C:\WINDOWS\system32\opengl32.dll
0x00007ffd1a190000 - 0x00007ffd1a1bc000 	C:\WINDOWS\SYSTEM32\GLU32.dll
0x00007ffd22fc0000 - 0x00007ffd230d5000 	C:\WINDOWS\System32\MSCTF.dll
0x00007ffd21310000 - 0x00007ffd2143a000 	C:\WINDOWS\System32\ole32.dll
0x00007ffcf8b20000 - 0x00007ffcf8ba6000 	C:\Program Files\Java\jdk-19\bin\freetype.dll
0x00007ffcf0aa0000 - 0x00007ffcf0b49000 	C:\Program Files\Java\jdk-19\bin\fontmanager.dll

dbghelp: loaded successfully - version: 4.0.5 - missing functions: none
symbol engine: initialized successfully - sym options: 0x614 - pdb path: .;C:\Program Files\Java\jdk-19\bin;C:\WINDOWS\SYSTEM32;C:\WINDOWS\WinSxS\amd64_microsoft.windows.common-controls_6595b64144ccf1df_6.0.19041.1110_none_60b5254171f9507e;C:\Program Files\Java\jdk-19\bin\server

VM Arguments:
jvm_args: -Dfile.encoding=UTF-8 
java_command: View.MiniProyecto4
java_class_path (initial): C:\Program Files\NetBeans-14\netbeans\java\modules\ext\AbsoluteLayout.jar;C:\Users\jazam\OneDrive\Documents\MiniProyecto3-master\a.miniproyecto3\a.miniproyecto3\lib\unknown\binary\AbsoluteLayout\SNAPSHOT\AbsoluteLayout-SNAPSHOT.jar;C:\Users\jazam\OneDrive\Escritorio\Miniproyecto4FPOE\build\classes
Launcher Type: SUN_STANDARD

[Global flags]
     intx CICompilerCount                          = 3                                         {product} {ergonomic}
     uint ConcGCThreads                            = 1                                         {product} {ergonomic}
     uint G1ConcRefinementThreads                  = 4                                         {product} {ergonomic}
   size_t G1HeapRegionSize                         = 1048576                                   {product} {ergonomic}
    uintx GCDrainStackTargetSize                   = 64                                        {product} {ergonomic}
   size_t InitialHeapSize                          = 67108864                                  {product} {ergonomic}
   size_t MarkStackSize                            = 4194304                                   {product} {ergonomic}
   size_t MaxHeapSize                              = 1046478848                                {product} {ergonomic}
   size_t MaxNewSize                               = 627048448                                 {product} {ergonomic}
   size_t MinHeapDeltaBytes                        = 1048576                                   {product} {ergonomic}
   size_t MinHeapSize                              = 8388608                                   {product} {ergonomic}
    uintx NonNMethodCodeHeapSize                   = 5832780                                {pd product} {ergonomic}
    uintx NonProfiledCodeHeapSize                  = 122912730                              {pd product} {ergonomic}
    uintx ProfiledCodeHeapSize                     = 122912730                              {pd product} {ergonomic}
    uintx ReservedCodeCacheSize                    = 251658240                              {pd product} {ergonomic}
     bool SegmentedCodeCache                       = true                                      {product} {ergonomic}
   size_t SoftMaxHeapSize                          = 1046478848                             {manageable} {ergonomic}
     bool UseCompressedClassPointers               = true                           {product lp64_product} {ergonomic}
     bool UseCompressedOops                        = true                           {product lp64_product} {ergonomic}
     bool UseG1GC                                  = true                                      {product} {ergonomic}
     bool UseLargePagesIndividualAllocation        = false                                  {pd product} {ergonomic}

Logging:
Log output configuration:
 #0: stdout all=warning uptime,level,tags foldmultilines=false
 #1: stderr all=off uptime,level,tags foldmultilines=false

Environment Variables:
PATH=C:\Program Files\Common Files\Oracle\Java\javapath;C:\WINDOWS\system32;C:\WINDOWS;C:\WINDOWS\System32\Wbem;C:\WINDOWS\System32\WindowsPowerShell\v1.0\;C:\WINDOWS\System32\OpenSSH\;C:\Program Files\Git\cmd;C:\Users\jazam\AppData\Local\Programs\Python\Python310\Scripts\;C:\Users\jazam\AppData\Local\Programs\Python\Python310\;C:\Users\jazam\AppData\Local\Microsoft\WindowsApps;;C:\Users\jazam\AppData\Local\Programs\Microsoft VS Code\bin
USERNAME=jazam
OS=Windows_NT
PROCESSOR_IDENTIFIER=Intel64 Family 6 Model 55 Stepping 8, GenuineIntel
TMP=C:\Users\jazam\AppData\Local\Temp
TEMP=C:\Users\jazam\AppData\Local\Temp



---------------  S Y S T E M  ---------------

OS:
 Windows 10 , 64 bit Build 19041 (10.0.19041.2364)
OS uptime: 0 days 11:35 hours

CPU: total 4 (initial active 4) (4 cores per cpu, 1 threads per core) family 6 model 55 stepping 8 microcode 0x838, cx8, cmov, fxsr, mmx, 3dnowpref, sse, sse2, sse3, ssse3, sse4.1, sse4.2, popcnt, tsc, tscinvbit, erms, clmul, clflush, rdtscp

Memory: 4k page, system-wide physical 3985M (428M free)
TotalPageFile size 6545M (AvailPageFile size 5M)
current process WorkingSet (physical memory assigned to process): 172M, peak: 172M
current process commit charge ("private bytes"): 249M, peak: 257M

vm_info: Java HotSpot(TM) 64-Bit Server VM (19+36-2238) for windows-amd64 JRE (19+36-2238), built on 2022-08-12T20:29:01Z by "mach5one" with MS VC++ 17.1 (VS2022)

END.
