#
# There is insufficient memory for the Java Runtime Environment to continue.
# Native memory allocation (mmap) failed to map 24117248 bytes for G1 virtual space
# Possible reasons:
#   The system is out of physical RAM or swap space
#   The process is running with CompressedOops enabled, and the Java Heap may be blocking the growth of the native heap
# Possible solutions:
#   Reduce memory load on the system
#   Increase physical memory or swap space
#   Check if swap backing store is full
#   Decrease Java heap size (-Xmx/-Xms)
#   Decrease number of Java threads
#   Decrease Java thread stack sizes (-Xss)
#   Set larger code cache with -XX:ReservedCodeCacheSize=
#   JVM is running with Unscaled Compressed Oops mode in which the Java heap is
#     placed in the first 4GB address space. The Java Heap base address is the
#     maximum limit for the native heap growth. Please use -XX:HeapBaseMinAddress
#     to set the Java Heap base and to place the Java Heap above 4GB virtual address.
# This output file may be truncated or incomplete.
#
#  Out of Memory Error (os_windows.cpp:3527), pid=9192, tid=10192
#
# JRE version: Java(TM) SE Runtime Environment (19.0+36) (build 19+36-2238)
# Java VM: Java HotSpot(TM) 64-Bit Server VM (19+36-2238, mixed mode, sharing, tiered, compressed oops, compressed class ptrs, g1 gc, windows-amd64)
# No core dump will be written. Minidumps are not enabled by default on client versions of Windows
#

---------------  S U M M A R Y ------------

Command Line: -Dfile.encoding=UTF-8 View.MiniProyecto4

Host: Intel(R) Pentium(R) CPU  N3540  @ 2.16GHz, 4 cores, 3G,  Windows 10 , 64 bit Build 19041 (10.0.19041.2364)
Time: Sun Jan 22 00:43:33 2023 Hora est. Pacífico, Sudamérica elapsed time: 13.081405 seconds (0d 0h 0m 13s)

---------------  T H R E A D  ---------------

Current thread (0x000002895e36be60):  VMThread "VM Thread" [stack: 0x000000e8c2600000,0x000000e8c2700000] [id=10192]

Stack: [0x000000e8c2600000,0x000000e8c2700000]
Native frames: (J=compiled Java code, j=interpreted, Vv=VM code, C=native code)
V  [jvm.dll+0x6ee8fa]
V  [jvm.dll+0x857a1e]
V  [jvm.dll+0x85940e]
V  [jvm.dll+0x859ac3]
V  [jvm.dll+0x28291f]
V  [jvm.dll+0x6eb6e9]
V  [jvm.dll+0x6e028a]
V  [jvm.dll+0x357136]
V  [jvm.dll+0x35eb96]
V  [jvm.dll+0x3b555e]
V  [jvm.dll+0x3b578f]
V  [jvm.dll+0x32c6ea]
V  [jvm.dll+0x32f276]
V  [jvm.dll+0x339df5]
V  [jvm.dll+0x372a40]
V  [jvm.dll+0x85ef83]
V  [jvm.dll+0x85fd49]
V  [jvm.dll+0x86027d]
V  [jvm.dll+0x86070b]
V  [jvm.dll+0x8607c7]
V  [jvm.dll+0x8015fa]
V  [jvm.dll+0x6ed5eb]
C  [ucrtbase.dll+0x21bb2]
C  [KERNEL32.DLL+0x17614]
C  [ntdll.dll+0x526a1]

VM_Operation (0x000000e8c22ffab0): G1PauseRemark, mode: safepoint, requested by thread 0x000002895e2f38a0


---------------  P R O C E S S  ---------------

Threads class SMR info:
_java_thread_list=0x000002897e2df700, length=18, elements={
0x000002895e2a9d10, 0x0000028979be62d0, 0x0000028979be7060, 0x0000028979be87f0,
0x0000028979bea2d0, 0x0000028979bebc10, 0x0000028979bf6a20, 0x0000028979bec820,
0x0000028979bfbfb0, 0x0000028979c0b990, 0x000002897e0c99a0, 0x000002897e0cf1c0,
0x000002897e32ecc0, 0x000002897e332490, 0x000002897e3362c0, 0x000002897e38a4f0,
0x000002897e38b960, 0x0000028900137710
}

Java Threads: ( => current thread )
  0x000002895e2a9d10 JavaThread "main" [_thread_blocked, id=9332, stack(0x000000e8c2000000,0x000000e8c2100000)]
  0x0000028979be62d0 JavaThread "Reference Handler" daemon [_thread_blocked, id=4000, stack(0x000000e8c2700000,0x000000e8c2800000)]
  0x0000028979be7060 JavaThread "Finalizer" daemon [_thread_blocked, id=8916, stack(0x000000e8c2800000,0x000000e8c2900000)]
  0x0000028979be87f0 JavaThread "Signal Dispatcher" daemon [_thread_blocked, id=4044, stack(0x000000e8c2900000,0x000000e8c2a00000)]
  0x0000028979bea2d0 JavaThread "Attach Listener" daemon [_thread_blocked, id=6192, stack(0x000000e8c2a00000,0x000000e8c2b00000)]
  0x0000028979bebc10 JavaThread "Service Thread" daemon [_thread_blocked, id=6608, stack(0x000000e8c2b00000,0x000000e8c2c00000)]
  0x0000028979bf6a20 JavaThread "Monitor Deflation Thread" daemon [_thread_blocked, id=12160, stack(0x000000e8c2c00000,0x000000e8c2d00000)]
  0x0000028979bec820 JavaThread "C2 CompilerThread0" daemon [_thread_blocked, id=7836, stack(0x000000e8c2d00000,0x000000e8c2e00000)]
  0x0000028979bfbfb0 JavaThread "C1 CompilerThread0" daemon [_thread_blocked, id=7364, stack(0x000000e8c2e00000,0x000000e8c2f00000)]
  0x0000028979c0b990 JavaThread "Sweeper thread" daemon [_thread_blocked, id=6232, stack(0x000000e8c2f00000,0x000000e8c3000000)]
  0x000002897e0c99a0 JavaThread "Notification Thread" daemon [_thread_blocked, id=1160, stack(0x000000e8c3000000,0x000000e8c3100000)]
  0x000002897e0cf1c0 JavaThread "Common-Cleaner" daemon [_thread_blocked, id=6536, stack(0x000000e8c3200000,0x000000e8c3300000)]
  0x000002897e32ecc0 JavaThread "Java2D Disposer" daemon [_thread_blocked, id=6896, stack(0x000000e8c3300000,0x000000e8c3400000)]
  0x000002897e332490 JavaThread "AWT-Shutdown" [_thread_blocked, id=7480, stack(0x000000e8c3400000,0x000000e8c3500000)]
  0x000002897e3362c0 JavaThread "AWT-Windows" daemon [_thread_in_native, id=4912, stack(0x000000e8c3500000,0x000000e8c3600000)]
  0x000002897e38a4f0 JavaThread "AWT-EventQueue-0" [_thread_blocked, id=7436, stack(0x000000e8c3600000,0x000000e8c3700000)]
  0x000002897e38b960 JavaThread "Image Fetcher 0" daemon [_thread_blocked, id=12772, stack(0x000000e8c3700000,0x000000e8c3800000)]
  0x0000028900137710 JavaThread "Image Fetcher 1" daemon [_thread_blocked, id=6872, stack(0x000000e8c3e00000,0x000000e8c3f00000)]

Other Threads:
=>0x000002895e36be60 VMThread "VM Thread" [stack: 0x000000e8c2600000,0x000000e8c2700000] [id=10192]
  0x000002897e0cdf00 WatcherThread "VM Periodic Task Thread" [stack: 0x000000e8c3100000,0x000000e8c3200000] [id=8720]
  0x000002895e2ea340 WorkerThread "GC Thread#0" [stack: 0x000000e8c2100000,0x000000e8c2200000] [id=12676]
  0x000002897ec8bb70 WorkerThread "GC Thread#1" [stack: 0x000000e8c3800000,0x000000e8c3900000] [id=7648]
  0x000002897ec8be40 WorkerThread "GC Thread#2" [stack: 0x000000e8c3900000,0x000000e8c3a00000] [id=5624]
  0x000002897ec8c110 WorkerThread "GC Thread#3" [stack: 0x000000e8c3a00000,0x000000e8c3b00000] [id=1132]
  0x000002895e2f38a0 ConcurrentGCThread "G1 Main Marker" [stack: 0x000000e8c2200000,0x000000e8c2300000] [id=12540]
  0x000002895e2f42d0 WorkerThread "G1 Conc#0" [stack: 0x000000e8c2300000,0x000000e8c2400000] [id=9904]
  0x000002895e34b870 ConcurrentGCThread "G1 Refine#0" [stack: 0x000000e8c2400000,0x000000e8c2500000] [id=4976]
  0x000002895e34e2c0 ConcurrentGCThread "G1 Service" [stack: 0x000000e8c2500000,0x000000e8c2600000] [id=11748]

Threads with active compile tasks:
C2 CompilerThread0    13616 1507   !   4       sun.awt.image.PNGImageDecoder::produceImage (1917 bytes)

VM state: at safepoint (normal execution)

VM Mutex/Monitor currently owned by a thread:  ([mutex/lock_event])
[0x000002895e2a4400] Threads_lock - owner thread: 0x000002895e36be60
[0x000002895e2a5b10] Heap_lock - owner thread: 0x000002895e2f38a0

Heap address: 0x00000000c1a00000, size: 998 MB, Compressed Oops mode: 32-bit

CDS archive(s) mapped at: [0x0000000800000000-0x0000000800c40000-0x0000000800c40000), size 12845056, SharedBaseAddress: 0x0000000800000000, ArchiveRelocationMode: 0.
Compressed class space mapped at: 0x0000000801000000-0x0000000841000000, reserved size: 1073741824
Narrow klass base: 0x0000000800000000, Narrow klass shift: 0, Narrow klass range: 0x100000000

GC Precious Log:
 CardTable entry size: 512
 Card Set container configuration: InlinePtr #cards 5 size 8 Array Of Cards #cards 12 size 40 Howl #buckets 4 coarsen threshold 1843 Howl Bitmap #cards 512 size 80 coarsen threshold 460 Card regions per heap region 1 cards per card region 2048
 CPUs: 4 total, 4 available
 Memory: 3985M
 Large Page Support: Disabled
 NUMA Support: Disabled
 Compressed Oops: Enabled (32-bit)
 Heap Region Size: 1M
 Heap Min Capacity: 8M
 Heap Initial Capacity: 64M
 Heap Max Capacity: 998M
 Pre-touch: Disabled
 Parallel Workers: 4
 Concurrent Workers: 1
 Concurrent Refinement Workers: 4
 Periodic GC: Disabled

Heap:
 garbage-first heap   total 382976K, used 241310K [0x00000000c1a00000, 0x0000000100000000)
  region size 1024K, 6 young (6144K), 5 survivors (5120K)
 Metaspace       used 10065K, committed 10304K, reserved 1114112K
  class space    used 1157K, committed 1280K, reserved 1048576K

Heap Regions: E=young(eden), S=young(survivor), O=old, HS=humongous(starts), HC=humongous(continues), CS=collection set, F=free, OA=open archive, CA=closed archive, TAMS=top-at-mark-start (previous, next)
|   0|0x00000000c1a00000, 0x00000000c1a45e00, 0x00000000c1b00000| 27%| O|  |TAMS 0x00000000c1a45e00, 0x00000000c1a00000| Updating 
|   1|0x00000000c1b00000, 0x00000000c1c00000, 0x00000000c1c00000|100%| O|  |TAMS 0x00000000c1c00000, 0x00000000c1b00000| Untracked 
|   2|0x00000000c1c00000, 0x00000000c1d00000, 0x00000000c1d00000|100%| O|  |TAMS 0x00000000c1d00000, 0x00000000c1c00000| Untracked 
|   3|0x00000000c1d00000, 0x00000000c1d00000, 0x00000000c1e00000|  0%| F|  |TAMS 0x00000000c1d00000, 0x00000000c1d00000| Untracked 
|   4|0x00000000c1e00000, 0x00000000c1f00000, 0x00000000c1f00000|100%| O|  |TAMS 0x00000000c1f00000, 0x00000000c1e00000| Untracked 
|   5|0x00000000c1f00000, 0x00000000c2000000, 0x00000000c2000000|100%|HS|  |TAMS 0x00000000c2000000, 0x00000000c1f00000| Complete 
|   6|0x00000000c2000000, 0x00000000c2100000, 0x00000000c2100000|100%|HC|  |TAMS 0x00000000c2100000, 0x00000000c2000000| Complete 
|   7|0x00000000c2100000, 0x00000000c2200000, 0x00000000c2200000|100%|HS|  |TAMS 0x00000000c2200000, 0x00000000c2100000| Complete 
|   8|0x00000000c2200000, 0x00000000c2300000, 0x00000000c2300000|100%|HC|  |TAMS 0x00000000c2300000, 0x00000000c2200000| Complete 
|   9|0x00000000c2300000, 0x00000000c2400000, 0x00000000c2400000|100%|HC|  |TAMS 0x00000000c2400000, 0x00000000c2300000| Complete 
|  10|0x00000000c2400000, 0x00000000c2500000, 0x00000000c2500000|100%|HC|  |TAMS 0x00000000c2500000, 0x00000000c2400000| Complete 
|  11|0x00000000c2500000, 0x00000000c2600000, 0x00000000c2600000|100%|HC|  |TAMS 0x00000000c2600000, 0x00000000c2500000| Complete 
|  12|0x00000000c2600000, 0x00000000c2700000, 0x00000000c2700000|100%|HC|  |TAMS 0x00000000c2700000, 0x00000000c2600000| Complete 
|  13|0x00000000c2700000, 0x00000000c2800000, 0x00000000c2800000|100%|HS|  |TAMS 0x00000000c2800000, 0x00000000c2700000| Complete 
|  14|0x00000000c2800000, 0x00000000c2900000, 0x00000000c2900000|100%|HC|  |TAMS 0x00000000c2900000, 0x00000000c2800000| Complete 
|  15|0x00000000c2900000, 0x00000000c2900000, 0x00000000c2a00000|  0%| F|  |TAMS 0x00000000c2900000, 0x00000000c2900000| Untracked 
|  16|0x00000000c2a00000, 0x00000000c2a00000, 0x00000000c2b00000|  0%| F|  |TAMS 0x00000000c2a00000, 0x00000000c2a00000| Untracked 
|  17|0x00000000c2b00000, 0x00000000c2b00000, 0x00000000c2c00000|  0%| F|  |TAMS 0x00000000c2b00000, 0x00000000c2b00000| Untracked 
|  18|0x00000000c2c00000, 0x00000000c2d00000, 0x00000000c2d00000|100%|HS|  |TAMS 0x00000000c2d00000, 0x00000000c2c00000| Complete 
|  19|0x00000000c2d00000, 0x00000000c2e00000, 0x00000000c2e00000|100%|HC|  |TAMS 0x00000000c2e00000, 0x00000000c2d00000| Complete 
|  20|0x00000000c2e00000, 0x00000000c2f00000, 0x00000000c2f00000|100%|HC|  |TAMS 0x00000000c2f00000, 0x00000000c2e00000| Complete 
|  21|0x00000000c2f00000, 0x00000000c3000000, 0x00000000c3000000|100%|HC|  |TAMS 0x00000000c3000000, 0x00000000c2f00000| Complete 
|  22|0x00000000c3000000, 0x00000000c3100000, 0x00000000c3100000|100%|HC|  |TAMS 0x00000000c3100000, 0x00000000c3000000| Complete 
|  23|0x00000000c3100000, 0x00000000c3200000, 0x00000000c3200000|100%|HC|  |TAMS 0x00000000c3200000, 0x00000000c3100000| Complete 
|  24|0x00000000c3200000, 0x00000000c3300000, 0x00000000c3300000|100%|HC|  |TAMS 0x00000000c3300000, 0x00000000c3200000| Complete 
|  25|0x00000000c3300000, 0x00000000c3400000, 0x00000000c3400000|100%|HC|  |TAMS 0x00000000c3400000, 0x00000000c3300000| Complete 
|  26|0x00000000c3400000, 0x00000000c3500000, 0x00000000c3500000|100%|HC|  |TAMS 0x00000000c3500000, 0x00000000c3400000| Complete 
|  27|0x00000000c3500000, 0x00000000c3600000, 0x00000000c3600000|100%|HC|  |TAMS 0x00000000c3600000, 0x00000000c3500000| Complete 
|  28|0x00000000c3600000, 0x00000000c3700000, 0x00000000c3700000|100%|HC|  |TAMS 0x00000000c3700000, 0x00000000c3600000| Complete 
|  29|0x00000000c3700000, 0x00000000c3800000, 0x00000000c3800000|100%|HC|  |TAMS 0x00000000c3800000, 0x00000000c3700000| Complete 
|  30|0x00000000c3800000, 0x00000000c3900000, 0x00000000c3900000|100%|HC|  |TAMS 0x00000000c3900000, 0x00000000c3800000| Complete 
|  31|0x00000000c3900000, 0x00000000c3a00000, 0x00000000c3a00000|100%|HC|  |TAMS 0x00000000c3a00000, 0x00000000c3900000| Complete 
|  32|0x00000000c3a00000, 0x00000000c3b00000, 0x00000000c3b00000|100%|HC|  |TAMS 0x00000000c3b00000, 0x00000000c3a00000| Complete 
|  33|0x00000000c3b00000, 0x00000000c3c00000, 0x00000000c3c00000|100%|HC|  |TAMS 0x00000000c3c00000, 0x00000000c3b00000| Complete 
|  34|0x00000000c3c00000, 0x00000000c3d00000, 0x00000000c3d00000|100%|HS|  |TAMS 0x00000000c3c00000, 0x00000000c3c00000| Complete 
|  35|0x00000000c3d00000, 0x00000000c3e00000, 0x00000000c3e00000|100%|HC|  |TAMS 0x00000000c3d00000, 0x00000000c3d00000| Complete 
|  36|0x00000000c3e00000, 0x00000000c3f00000, 0x00000000c3f00000|100%|HC|  |TAMS 0x00000000c3e00000, 0x00000000c3e00000| Complete 
|  37|0x00000000c3f00000, 0x00000000c4000000, 0x00000000c4000000|100%|HC|  |TAMS 0x00000000c3f00000, 0x00000000c3f00000| Complete 
|  38|0x00000000c4000000, 0x00000000c4100000, 0x00000000c4100000|100%|HC|  |TAMS 0x00000000c4000000, 0x00000000c4000000| Complete 
|  39|0x00000000c4100000, 0x00000000c4200000, 0x00000000c4200000|100%|HC|  |TAMS 0x00000000c4100000, 0x00000000c4100000| Complete 
|  40|0x00000000c4200000, 0x00000000c4300000, 0x00000000c4300000|100%|HC|  |TAMS 0x00000000c4200000, 0x00000000c4200000| Complete 
|  41|0x00000000c4300000, 0x00000000c4400000, 0x00000000c4400000|100%|HC|  |TAMS 0x00000000c4300000, 0x00000000c4300000| Complete 
|  42|0x00000000c4400000, 0x00000000c4500000, 0x00000000c4500000|100%|HC|  |TAMS 0x00000000c4400000, 0x00000000c4400000| Complete 
|  43|0x00000000c4500000, 0x00000000c4600000, 0x00000000c4600000|100%|HC|  |TAMS 0x00000000c4500000, 0x00000000c4500000| Complete 
|  44|0x00000000c4600000, 0x00000000c4700000, 0x00000000c4700000|100%|HC|  |TAMS 0x00000000c4600000, 0x00000000c4600000| Complete 
|  45|0x00000000c4700000, 0x00000000c4800000, 0x00000000c4800000|100%|HC|  |TAMS 0x00000000c4700000, 0x00000000c4700000| Complete 
|  46|0x00000000c4800000, 0x00000000c4900000, 0x00000000c4900000|100%|HC|  |TAMS 0x00000000c4800000, 0x00000000c4800000| Complete 
|  47|0x00000000c4900000, 0x00000000c4a00000, 0x00000000c4a00000|100%|HC|  |TAMS 0x00000000c4900000, 0x00000000c4900000| Complete 
|  48|0x00000000c4a00000, 0x00000000c4b00000, 0x00000000c4b00000|100%|HC|  |TAMS 0x00000000c4a00000, 0x00000000c4a00000| Complete 
|  49|0x00000000c4b00000, 0x00000000c4c00000, 0x00000000c4c00000|100%|HC|  |TAMS 0x00000000c4b00000, 0x00000000c4b00000| Complete 
|  50|0x00000000c4c00000, 0x00000000c4d00000, 0x00000000c4d00000|100%|HC|  |TAMS 0x00000000c4c00000, 0x00000000c4c00000| Complete 
|  51|0x00000000c4d00000, 0x00000000c4e00000, 0x00000000c4e00000|100%|HC|  |TAMS 0x00000000c4d00000, 0x00000000c4d00000| Complete 
|  52|0x00000000c4e00000, 0x00000000c4f00000, 0x00000000c4f00000|100%|HS|  |TAMS 0x00000000c4f00000, 0x00000000c4e00000| Complete 
|  53|0x00000000c4f00000, 0x00000000c5000000, 0x00000000c5000000|100%|HC|  |TAMS 0x00000000c5000000, 0x00000000c4f00000| Complete 
|  54|0x00000000c5000000, 0x00000000c5100000, 0x00000000c5100000|100%|HC|  |TAMS 0x00000000c5100000, 0x00000000c5000000| Complete 
|  55|0x00000000c5100000, 0x00000000c5200000, 0x00000000c5200000|100%|HC|  |TAMS 0x00000000c5200000, 0x00000000c5100000| Complete 
|  56|0x00000000c5200000, 0x00000000c5300000, 0x00000000c5300000|100%|HC|  |TAMS 0x00000000c5300000, 0x00000000c5200000| Complete 
|  57|0x00000000c5300000, 0x00000000c5400000, 0x00000000c5400000|100%|HC|  |TAMS 0x00000000c5400000, 0x00000000c5300000| Complete 
|  58|0x00000000c5400000, 0x00000000c5500000, 0x00000000c5500000|100%|HC|  |TAMS 0x00000000c5500000, 0x00000000c5400000| Complete 
|  59|0x00000000c5500000, 0x00000000c5600000, 0x00000000c5600000|100%|HC|  |TAMS 0x00000000c5600000, 0x00000000c5500000| Complete 
|  60|0x00000000c5600000, 0x00000000c5700000, 0x00000000c5700000|100%|HC|  |TAMS 0x00000000c5700000, 0x00000000c5600000| Complete 
|  61|0x00000000c5700000, 0x00000000c5800000, 0x00000000c5800000|100%|HC|  |TAMS 0x00000000c5800000, 0x00000000c5700000| Complete 
|  62|0x00000000c5800000, 0x00000000c5900000, 0x00000000c5900000|100%|HC|  |TAMS 0x00000000c5900000, 0x00000000c5800000| Complete 
|  63|0x00000000c5900000, 0x00000000c5a00000, 0x00000000c5a00000|100%|HC|  |TAMS 0x00000000c5a00000, 0x00000000c5900000| Complete 
|  64|0x00000000c5a00000, 0x00000000c5b00000, 0x00000000c5b00000|100%|HC|  |TAMS 0x00000000c5b00000, 0x00000000c5a00000| Complete 
|  65|0x00000000c5b00000, 0x00000000c5c00000, 0x00000000c5c00000|100%|HC|  |TAMS 0x00000000c5c00000, 0x00000000c5b00000| Complete 
|  66|0x00000000c5c00000, 0x00000000c5d00000, 0x00000000c5d00000|100%|HC|  |TAMS 0x00000000c5d00000, 0x00000000c5c00000| Complete 
|  67|0x00000000c5d00000, 0x00000000c5e00000, 0x00000000c5e00000|100%|HC|  |TAMS 0x00000000c5e00000, 0x00000000c5d00000| Complete 
|  68|0x00000000c5e00000, 0x00000000c5f00000, 0x00000000c5f00000|100%|HC|  |TAMS 0x00000000c5f00000, 0x00000000c5e00000| Complete 
|  69|0x00000000c5f00000, 0x00000000c6000000, 0x00000000c6000000|100%|HC|  |TAMS 0x00000000c6000000, 0x00000000c5f00000| Complete 
|  70|0x00000000c6000000, 0x00000000c6100000, 0x00000000c6100000|100%|HC|  |TAMS 0x00000000c6100000, 0x00000000c6000000| Complete 
|  71|0x00000000c6100000, 0x00000000c6200000, 0x00000000c6200000|100%|HC|  |TAMS 0x00000000c6200000, 0x00000000c6100000| Complete 
|  72|0x00000000c6200000, 0x00000000c6300000, 0x00000000c6300000|100%|HC|  |TAMS 0x00000000c6300000, 0x00000000c6200000| Complete 
|  73|0x00000000c6300000, 0x00000000c6400000, 0x00000000c6400000|100%|HC|  |TAMS 0x00000000c6400000, 0x00000000c6300000| Complete 
|  74|0x00000000c6400000, 0x00000000c6500000, 0x00000000c6500000|100%|HC|  |TAMS 0x00000000c6500000, 0x00000000c6400000| Complete 
|  75|0x00000000c6500000, 0x00000000c6600000, 0x00000000c6600000|100%|HC|  |TAMS 0x00000000c6600000, 0x00000000c6500000| Complete 
|  76|0x00000000c6600000, 0x00000000c6700000, 0x00000000c6700000|100%|HC|  |TAMS 0x00000000c6700000, 0x00000000c6600000| Complete 
|  77|0x00000000c6700000, 0x00000000c6800000, 0x00000000c6800000|100%|HC|  |TAMS 0x00000000c6800000, 0x00000000c6700000| Complete 
|  78|0x00000000c6800000, 0x00000000c6900000, 0x00000000c6900000|100%|HC|  |TAMS 0x00000000c6900000, 0x00000000c6800000| Complete 
|  79|0x00000000c6900000, 0x00000000c6a00000, 0x00000000c6a00000|100%|HC|  |TAMS 0x00000000c6a00000, 0x00000000c6900000| Complete 
|  80|0x00000000c6a00000, 0x00000000c6b00000, 0x00000000c6b00000|100%|HC|  |TAMS 0x00000000c6b00000, 0x00000000c6a00000| Complete 
|  81|0x00000000c6b00000, 0x00000000c6c00000, 0x00000000c6c00000|100%|HC|  |TAMS 0x00000000c6c00000, 0x00000000c6b00000| Complete 
|  82|0x00000000c6c00000, 0x00000000c6d00000, 0x00000000c6d00000|100%|HC|  |TAMS 0x00000000c6d00000, 0x00000000c6c00000| Complete 
|  83|0x00000000c6d00000, 0x00000000c6e00000, 0x00000000c6e00000|100%|HC|  |TAMS 0x00000000c6e00000, 0x00000000c6d00000| Complete 
|  84|0x00000000c6e00000, 0x00000000c6f00000, 0x00000000c6f00000|100%|HC|  |TAMS 0x00000000c6f00000, 0x00000000c6e00000| Complete 
|  85|0x00000000c6f00000, 0x00000000c7000000, 0x00000000c7000000|100%|HC|  |TAMS 0x00000000c7000000, 0x00000000c6f00000| Complete 
|  86|0x00000000c7000000, 0x00000000c7100000, 0x00000000c7100000|100%|HC|  |TAMS 0x00000000c7100000, 0x00000000c7000000| Complete 
|  87|0x00000000c7100000, 0x00000000c7200000, 0x00000000c7200000|100%|HC|  |TAMS 0x00000000c7200000, 0x00000000c7100000| Complete 
|  88|0x00000000c7200000, 0x00000000c7300000, 0x00000000c7300000|100%|HC|  |TAMS 0x00000000c7300000, 0x00000000c7200000| Complete 
|  89|0x00000000c7300000, 0x00000000c7400000, 0x00000000c7400000|100%|HC|  |TAMS 0x00000000c7400000, 0x00000000c7300000| Complete 
|  90|0x00000000c7400000, 0x00000000c7500000, 0x00000000c7500000|100%|HC|  |TAMS 0x00000000c7500000, 0x00000000c7400000| Complete 
|  91|0x00000000c7500000, 0x00000000c7600000, 0x00000000c7600000|100%|HC|  |TAMS 0x00000000c7600000, 0x00000000c7500000| Complete 
|  92|0x00000000c7600000, 0x00000000c7700000, 0x00000000c7700000|100%|HC|  |TAMS 0x00000000c7700000, 0x00000000c7600000| Complete 
|  93|0x00000000c7700000, 0x00000000c7800000, 0x00000000c7800000|100%|HC|  |TAMS 0x00000000c7800000, 0x00000000c7700000| Complete 
|  94|0x00000000c7800000, 0x00000000c7900000, 0x00000000c7900000|100%|HC|  |TAMS 0x00000000c7900000, 0x00000000c7800000| Complete 
|  95|0x00000000c7900000, 0x00000000c7a00000, 0x00000000c7a00000|100%|HC|  |TAMS 0x00000000c7a00000, 0x00000000c7900000| Complete 
|  96|0x00000000c7a00000, 0x00000000c7b00000, 0x00000000c7b00000|100%|HC|  |TAMS 0x00000000c7b00000, 0x00000000c7a00000| Complete 
|  97|0x00000000c7b00000, 0x00000000c7c00000, 0x00000000c7c00000|100%|HC|  |TAMS 0x00000000c7c00000, 0x00000000c7b00000| Complete 
|  98|0x00000000c7c00000, 0x00000000c7d00000, 0x00000000c7d00000|100%|HC|  |TAMS 0x00000000c7d00000, 0x00000000c7c00000| Complete 
|  99|0x00000000c7d00000, 0x00000000c7e00000, 0x00000000c7e00000|100%|HC|  |TAMS 0x00000000c7e00000, 0x00000000c7d00000| Complete 
| 100|0x00000000c7e00000, 0x00000000c7f00000, 0x00000000c7f00000|100%|HC|  |TAMS 0x00000000c7f00000, 0x00000000c7e00000| Complete 
| 101|0x00000000c7f00000, 0x00000000c8000000, 0x00000000c8000000|100%|HC|  |TAMS 0x00000000c8000000, 0x00000000c7f00000| Complete 
| 102|0x00000000c8000000, 0x00000000c8100000, 0x00000000c8100000|100%|HC|  |TAMS 0x00000000c8100000, 0x00000000c8000000| Complete 
| 103|0x00000000c8100000, 0x00000000c8200000, 0x00000000c8200000|100%|HC|  |TAMS 0x00000000c8200000, 0x00000000c8100000| Complete 
| 104|0x00000000c8200000, 0x00000000c8300000, 0x00000000c8300000|100%|HC|  |TAMS 0x00000000c8300000, 0x00000000c8200000| Complete 
| 105|0x00000000c8300000, 0x00000000c8400000, 0x00000000c8400000|100%|HC|  |TAMS 0x00000000c8400000, 0x00000000c8300000| Complete 
| 106|0x00000000c8400000, 0x00000000c8500000, 0x00000000c8500000|100%|HC|  |TAMS 0x00000000c8500000, 0x00000000c8400000| Complete 
| 107|0x00000000c8500000, 0x00000000c8600000, 0x00000000c8600000|100%|HC|  |TAMS 0x00000000c8600000, 0x00000000c8500000| Complete 
| 108|0x00000000c8600000, 0x00000000c8700000, 0x00000000c8700000|100%|HC|  |TAMS 0x00000000c8700000, 0x00000000c8600000| Complete 
| 109|0x00000000c8700000, 0x00000000c8800000, 0x00000000c8800000|100%|HC|  |TAMS 0x00000000c8800000, 0x00000000c8700000| Complete 
| 110|0x00000000c8800000, 0x00000000c8900000, 0x00000000c8900000|100%|HC|  |TAMS 0x00000000c8900000, 0x00000000c8800000| Complete 
| 111|0x00000000c8900000, 0x00000000c8a00000, 0x00000000c8a00000|100%|HC|  |TAMS 0x00000000c8a00000, 0x00000000c8900000| Complete 
| 112|0x00000000c8a00000, 0x00000000c8b00000, 0x00000000c8b00000|100%|HC|  |TAMS 0x00000000c8b00000, 0x00000000c8a00000| Complete 
| 113|0x00000000c8b00000, 0x00000000c8c00000, 0x00000000c8c00000|100%|HC|  |TAMS 0x00000000c8c00000, 0x00000000c8b00000| Complete 
| 114|0x00000000c8c00000, 0x00000000c8d00000, 0x00000000c8d00000|100%|HC|  |TAMS 0x00000000c8d00000, 0x00000000c8c00000| Complete 
| 115|0x00000000c8d00000, 0x00000000c8e00000, 0x00000000c8e00000|100%|HC|  |TAMS 0x00000000c8e00000, 0x00000000c8d00000| Complete 
| 116|0x00000000c8e00000, 0x00000000c8f00000, 0x00000000c8f00000|100%|HC|  |TAMS 0x00000000c8f00000, 0x00000000c8e00000| Complete 
| 117|0x00000000c8f00000, 0x00000000c9000000, 0x00000000c9000000|100%|HC|  |TAMS 0x00000000c9000000, 0x00000000c8f00000| Complete 
| 118|0x00000000c9000000, 0x00000000c9100000, 0x00000000c9100000|100%|HC|  |TAMS 0x00000000c9100000, 0x00000000c9000000| Complete 
| 119|0x00000000c9100000, 0x00000000c9200000, 0x00000000c9200000|100%|HC|  |TAMS 0x00000000c9200000, 0x00000000c9100000| Complete 
| 120|0x00000000c9200000, 0x00000000c9300000, 0x00000000c9300000|100%|HC|  |TAMS 0x00000000c9300000, 0x00000000c9200000| Complete 
| 121|0x00000000c9300000, 0x00000000c9400000, 0x00000000c9400000|100%|HC|  |TAMS 0x00000000c9400000, 0x00000000c9300000| Complete 
| 122|0x00000000c9400000, 0x00000000c9500000, 0x00000000c9500000|100%|HC|  |TAMS 0x00000000c9500000, 0x00000000c9400000| Complete 
| 123|0x00000000c9500000, 0x00000000c9600000, 0x00000000c9600000|100%|HC|  |TAMS 0x00000000c9600000, 0x00000000c9500000| Complete 
| 124|0x00000000c9600000, 0x00000000c9700000, 0x00000000c9700000|100%|HC|  |TAMS 0x00000000c9700000, 0x00000000c9600000| Complete 
| 125|0x00000000c9700000, 0x00000000c9800000, 0x00000000c9800000|100%|HC|  |TAMS 0x00000000c9800000, 0x00000000c9700000| Complete 
| 126|0x00000000c9800000, 0x00000000c9900000, 0x00000000c9900000|100%|HC|  |TAMS 0x00000000c9900000, 0x00000000c9800000| Complete 
| 127|0x00000000c9900000, 0x00000000c9a00000, 0x00000000c9a00000|100%|HC|  |TAMS 0x00000000c9a00000, 0x00000000c9900000| Complete 
| 128|0x00000000c9a00000, 0x00000000c9b00000, 0x00000000c9b00000|100%|HC|  |TAMS 0x00000000c9b00000, 0x00000000c9a00000| Complete 
| 129|0x00000000c9b00000, 0x00000000c9c00000, 0x00000000c9c00000|100%|HC|  |TAMS 0x00000000c9c00000, 0x00000000c9b00000| Complete 
| 130|0x00000000c9c00000, 0x00000000c9d00000, 0x00000000c9d00000|100%|HC|  |TAMS 0x00000000c9d00000, 0x00000000c9c00000| Complete 
| 131|0x00000000c9d00000, 0x00000000c9e00000, 0x00000000c9e00000|100%|HC|  |TAMS 0x00000000c9e00000, 0x00000000c9d00000| Complete 
| 132|0x00000000c9e00000, 0x00000000c9f00000, 0x00000000c9f00000|100%|HC|  |TAMS 0x00000000c9f00000, 0x00000000c9e00000| Complete 
| 133|0x00000000c9f00000, 0x00000000ca000000, 0x00000000ca000000|100%|HC|  |TAMS 0x00000000ca000000, 0x00000000c9f00000| Complete 
| 134|0x00000000ca000000, 0x00000000ca100000, 0x00000000ca100000|100%|HC|  |TAMS 0x00000000ca100000, 0x00000000ca000000| Complete 
| 135|0x00000000ca100000, 0x00000000ca200000, 0x00000000ca200000|100%|HC|  |TAMS 0x00000000ca200000, 0x00000000ca100000| Complete 
| 136|0x00000000ca200000, 0x00000000ca300000, 0x00000000ca300000|100%|HC|  |TAMS 0x00000000ca300000, 0x00000000ca200000| Complete 
| 137|0x00000000ca300000, 0x00000000ca400000, 0x00000000ca400000|100%|HC|  |TAMS 0x00000000ca400000, 0x00000000ca300000| Complete 
| 138|0x00000000ca400000, 0x00000000ca500000, 0x00000000ca500000|100%|HC|  |TAMS 0x00000000ca500000, 0x00000000ca400000| Complete 
| 139|0x00000000ca500000, 0x00000000ca600000, 0x00000000ca600000|100%|HC|  |TAMS 0x00000000ca600000, 0x00000000ca500000| Complete 
| 140|0x00000000ca600000, 0x00000000ca700000, 0x00000000ca700000|100%|HC|  |TAMS 0x00000000ca700000, 0x00000000ca600000| Complete 
| 141|0x00000000ca700000, 0x00000000ca800000, 0x00000000ca800000|100%|HC|  |TAMS 0x00000000ca800000, 0x00000000ca700000| Complete 
| 142|0x00000000ca800000, 0x00000000ca900000, 0x00000000ca900000|100%|HC|  |TAMS 0x00000000ca900000, 0x00000000ca800000| Complete 
| 143|0x00000000ca900000, 0x00000000caa00000, 0x00000000caa00000|100%|HC|  |TAMS 0x00000000caa00000, 0x00000000ca900000| Complete 
| 144|0x00000000caa00000, 0x00000000cab00000, 0x00000000cab00000|100%|HS|  |TAMS 0x00000000cab00000, 0x00000000caa00000| Complete 
| 145|0x00000000cab00000, 0x00000000cac00000, 0x00000000cac00000|100%|HC|  |TAMS 0x00000000cac00000, 0x00000000cab00000| Complete 
| 146|0x00000000cac00000, 0x00000000cad00000, 0x00000000cad00000|100%|HC|  |TAMS 0x00000000cad00000, 0x00000000cac00000| Complete 
| 147|0x00000000cad00000, 0x00000000cae00000, 0x00000000cae00000|100%|HC|  |TAMS 0x00000000cae00000, 0x00000000cad00000| Complete 
| 148|0x00000000cae00000, 0x00000000caf00000, 0x00000000caf00000|100%|HC|  |TAMS 0x00000000caf00000, 0x00000000cae00000| Complete 
| 149|0x00000000caf00000, 0x00000000cb000000, 0x00000000cb000000|100%|HC|  |TAMS 0x00000000cb000000, 0x00000000caf00000| Complete 
| 150|0x00000000cb000000, 0x00000000cb100000, 0x00000000cb100000|100%|HC|  |TAMS 0x00000000cb100000, 0x00000000cb000000| Complete 
| 151|0x00000000cb100000, 0x00000000cb200000, 0x00000000cb200000|100%|HC|  |TAMS 0x00000000cb200000, 0x00000000cb100000| Complete 
| 152|0x00000000cb200000, 0x00000000cb300000, 0x00000000cb300000|100%|HC|  |TAMS 0x00000000cb300000, 0x00000000cb200000| Complete 
| 153|0x00000000cb300000, 0x00000000cb400000, 0x00000000cb400000|100%|HC|  |TAMS 0x00000000cb400000, 0x00000000cb300000| Complete 
| 154|0x00000000cb400000, 0x00000000cb500000, 0x00000000cb500000|100%|HC|  |TAMS 0x00000000cb500000, 0x00000000cb400000| Complete 
| 155|0x00000000cb500000, 0x00000000cb600000, 0x00000000cb600000|100%|HC|  |TAMS 0x00000000cb600000, 0x00000000cb500000| Complete 
| 156|0x00000000cb600000, 0x00000000cb700000, 0x00000000cb700000|100%|HC|  |TAMS 0x00000000cb700000, 0x00000000cb600000| Complete 
| 157|0x00000000cb700000, 0x00000000cb800000, 0x00000000cb800000|100%|HC|  |TAMS 0x00000000cb800000, 0x00000000cb700000| Complete 
| 158|0x00000000cb800000, 0x00000000cb900000, 0x00000000cb900000|100%|HC|  |TAMS 0x00000000cb900000, 0x00000000cb800000| Complete 
| 159|0x00000000cb900000, 0x00000000cba00000, 0x00000000cba00000|100%|HC|  |TAMS 0x00000000cba00000, 0x00000000cb900000| Complete 
| 160|0x00000000cba00000, 0x00000000cbb00000, 0x00000000cbb00000|100%|HC|  |TAMS 0x00000000cbb00000, 0x00000000cba00000| Complete 
| 161|0x00000000cbb00000, 0x00000000cbc00000, 0x00000000cbc00000|100%|HC|  |TAMS 0x00000000cbc00000, 0x00000000cbb00000| Complete 
| 162|0x00000000cbc00000, 0x00000000cbd00000, 0x00000000cbd00000|100%|HC|  |TAMS 0x00000000cbd00000, 0x00000000cbc00000| Complete 
| 163|0x00000000cbd00000, 0x00000000cbe00000, 0x00000000cbe00000|100%|HC|  |TAMS 0x00000000cbe00000, 0x00000000cbd00000| Complete 
| 164|0x00000000cbe00000, 0x00000000cbf00000, 0x00000000cbf00000|100%|HC|  |TAMS 0x00000000cbf00000, 0x00000000cbe00000| Complete 
| 165|0x00000000cbf00000, 0x00000000cc000000, 0x00000000cc000000|100%|HC|  |TAMS 0x00000000cc000000, 0x00000000cbf00000| Complete 
| 166|0x00000000cc000000, 0x00000000cc100000, 0x00000000cc100000|100%|HC|  |TAMS 0x00000000cc100000, 0x00000000cc000000| Complete 
| 167|0x00000000cc100000, 0x00000000cc200000, 0x00000000cc200000|100%|HC|  |TAMS 0x00000000cc200000, 0x00000000cc100000| Complete 
| 168|0x00000000cc200000, 0x00000000cc300000, 0x00000000cc300000|100%|HC|  |TAMS 0x00000000cc300000, 0x00000000cc200000| Complete 
| 169|0x00000000cc300000, 0x00000000cc400000, 0x00000000cc400000|100%|HC|  |TAMS 0x00000000cc400000, 0x00000000cc300000| Complete 
| 170|0x00000000cc400000, 0x00000000cc500000, 0x00000000cc500000|100%|HC|  |TAMS 0x00000000cc500000, 0x00000000cc400000| Complete 
| 171|0x00000000cc500000, 0x00000000cc600000, 0x00000000cc600000|100%|HC|  |TAMS 0x00000000cc600000, 0x00000000cc500000| Complete 
| 172|0x00000000cc600000, 0x00000000cc700000, 0x00000000cc700000|100%|HC|  |TAMS 0x00000000cc700000, 0x00000000cc600000| Complete 
| 173|0x00000000cc700000, 0x00000000cc800000, 0x00000000cc800000|100%|HC|  |TAMS 0x00000000cc800000, 0x00000000cc700000| Complete 
| 174|0x00000000cc800000, 0x00000000cc900000, 0x00000000cc900000|100%|HC|  |TAMS 0x00000000cc900000, 0x00000000cc800000| Complete 
| 175|0x00000000cc900000, 0x00000000cca00000, 0x00000000cca00000|100%|HC|  |TAMS 0x00000000cca00000, 0x00000000cc900000| Complete 
| 176|0x00000000cca00000, 0x00000000ccb00000, 0x00000000ccb00000|100%|HC|  |TAMS 0x00000000ccb00000, 0x00000000cca00000| Complete 
| 177|0x00000000ccb00000, 0x00000000ccc00000, 0x00000000ccc00000|100%|HC|  |TAMS 0x00000000ccc00000, 0x00000000ccb00000| Complete 
| 178|0x00000000ccc00000, 0x00000000ccd00000, 0x00000000ccd00000|100%|HC|  |TAMS 0x00000000ccd00000, 0x00000000ccc00000| Complete 
| 179|0x00000000ccd00000, 0x00000000cce00000, 0x00000000cce00000|100%|HC|  |TAMS 0x00000000cce00000, 0x00000000ccd00000| Complete 
| 180|0x00000000cce00000, 0x00000000ccf00000, 0x00000000ccf00000|100%|HC|  |TAMS 0x00000000ccf00000, 0x00000000cce00000| Complete 
| 181|0x00000000ccf00000, 0x00000000cd000000, 0x00000000cd000000|100%|HC|  |TAMS 0x00000000cd000000, 0x00000000ccf00000| Complete 
| 182|0x00000000cd000000, 0x00000000cd100000, 0x00000000cd100000|100%|HC|  |TAMS 0x00000000cd100000, 0x00000000cd000000| Complete 
| 183|0x00000000cd100000, 0x00000000cd200000, 0x00000000cd200000|100%|HC|  |TAMS 0x00000000cd200000, 0x00000000cd100000| Complete 
| 184|0x00000000cd200000, 0x00000000cd300000, 0x00000000cd300000|100%|HC|  |TAMS 0x00000000cd300000, 0x00000000cd200000| Complete 
| 185|0x00000000cd300000, 0x00000000cd400000, 0x00000000cd400000|100%|HC|  |TAMS 0x00000000cd400000, 0x00000000cd300000| Complete 
| 186|0x00000000cd400000, 0x00000000cd500000, 0x00000000cd500000|100%|HC|  |TAMS 0x00000000cd500000, 0x00000000cd400000| Complete 
| 187|0x00000000cd500000, 0x00000000cd600000, 0x00000000cd600000|100%|HC|  |TAMS 0x00000000cd600000, 0x00000000cd500000| Complete 
| 188|0x00000000cd600000, 0x00000000cd700000, 0x00000000cd700000|100%|HC|  |TAMS 0x00000000cd700000, 0x00000000cd600000| Complete 
| 189|0x00000000cd700000, 0x00000000cd800000, 0x00000000cd800000|100%|HC|  |TAMS 0x00000000cd800000, 0x00000000cd700000| Complete 
| 190|0x00000000cd800000, 0x00000000cd900000, 0x00000000cd900000|100%|HC|  |TAMS 0x00000000cd900000, 0x00000000cd800000| Complete 
| 191|0x00000000cd900000, 0x00000000cda00000, 0x00000000cda00000|100%|HC|  |TAMS 0x00000000cda00000, 0x00000000cd900000| Complete 
| 192|0x00000000cda00000, 0x00000000cdb00000, 0x00000000cdb00000|100%|HC|  |TAMS 0x00000000cdb00000, 0x00000000cda00000| Complete 
| 193|0x00000000cdb00000, 0x00000000cdc00000, 0x00000000cdc00000|100%|HC|  |TAMS 0x00000000cdc00000, 0x00000000cdb00000| Complete 
| 194|0x00000000cdc00000, 0x00000000cdd00000, 0x00000000cdd00000|100%|HC|  |TAMS 0x00000000cdd00000, 0x00000000cdc00000| Complete 
| 195|0x00000000cdd00000, 0x00000000cde00000, 0x00000000cde00000|100%|HC|  |TAMS 0x00000000cde00000, 0x00000000cdd00000| Complete 
| 196|0x00000000cde00000, 0x00000000cdf00000, 0x00000000cdf00000|100%|HC|  |TAMS 0x00000000cdf00000, 0x00000000cde00000| Complete 
| 197|0x00000000cdf00000, 0x00000000ce000000, 0x00000000ce000000|100%|HC|  |TAMS 0x00000000ce000000, 0x00000000cdf00000| Complete 
| 198|0x00000000ce000000, 0x00000000ce100000, 0x00000000ce100000|100%|HC|  |TAMS 0x00000000ce100000, 0x00000000ce000000| Complete 
| 199|0x00000000ce100000, 0x00000000ce200000, 0x00000000ce200000|100%|HC|  |TAMS 0x00000000ce200000, 0x00000000ce100000| Complete 
| 200|0x00000000ce200000, 0x00000000ce300000, 0x00000000ce300000|100%|HC|  |TAMS 0x00000000ce300000, 0x00000000ce200000| Complete 
| 201|0x00000000ce300000, 0x00000000ce400000, 0x00000000ce400000|100%|HC|  |TAMS 0x00000000ce400000, 0x00000000ce300000| Complete 
| 202|0x00000000ce400000, 0x00000000ce500000, 0x00000000ce500000|100%|HC|  |TAMS 0x00000000ce500000, 0x00000000ce400000| Complete 
| 203|0x00000000ce500000, 0x00000000ce600000, 0x00000000ce600000|100%|HC|  |TAMS 0x00000000ce600000, 0x00000000ce500000| Complete 
| 204|0x00000000ce600000, 0x00000000ce700000, 0x00000000ce700000|100%|HC|  |TAMS 0x00000000ce700000, 0x00000000ce600000| Complete 
| 205|0x00000000ce700000, 0x00000000ce800000, 0x00000000ce800000|100%|HC|  |TAMS 0x00000000ce800000, 0x00000000ce700000| Complete 
| 206|0x00000000ce800000, 0x00000000ce900000, 0x00000000ce900000|100%|HC|  |TAMS 0x00000000ce900000, 0x00000000ce800000| Complete 
| 207|0x00000000ce900000, 0x00000000cea00000, 0x00000000cea00000|100%|HC|  |TAMS 0x00000000cea00000, 0x00000000ce900000| Complete 
| 208|0x00000000cea00000, 0x00000000ceb00000, 0x00000000ceb00000|100%|HC|  |TAMS 0x00000000ceb00000, 0x00000000cea00000| Complete 
| 209|0x00000000ceb00000, 0x00000000cec00000, 0x00000000cec00000|100%|HC|  |TAMS 0x00000000cec00000, 0x00000000ceb00000| Complete 
| 210|0x00000000cec00000, 0x00000000ced00000, 0x00000000ced00000|100%|HC|  |TAMS 0x00000000ced00000, 0x00000000cec00000| Complete 
| 211|0x00000000ced00000, 0x00000000cee00000, 0x00000000cee00000|100%|HC|  |TAMS 0x00000000cee00000, 0x00000000ced00000| Complete 
| 212|0x00000000cee00000, 0x00000000cef00000, 0x00000000cef00000|100%|HC|  |TAMS 0x00000000cef00000, 0x00000000cee00000| Complete 
| 213|0x00000000cef00000, 0x00000000cf000000, 0x00000000cf000000|100%|HC|  |TAMS 0x00000000cf000000, 0x00000000cef00000| Complete 
| 214|0x00000000cf000000, 0x00000000cf100000, 0x00000000cf100000|100%|HC|  |TAMS 0x00000000cf100000, 0x00000000cf000000| Complete 
| 215|0x00000000cf100000, 0x00000000cf200000, 0x00000000cf200000|100%|HC|  |TAMS 0x00000000cf200000, 0x00000000cf100000| Complete 
| 216|0x00000000cf200000, 0x00000000cf300000, 0x00000000cf300000|100%|HC|  |TAMS 0x00000000cf300000, 0x00000000cf200000| Complete 
| 217|0x00000000cf300000, 0x00000000cf400000, 0x00000000cf400000|100%|HC|  |TAMS 0x00000000cf400000, 0x00000000cf300000| Complete 
| 218|0x00000000cf400000, 0x00000000cf500000, 0x00000000cf500000|100%|HC|  |TAMS 0x00000000cf500000, 0x00000000cf400000| Complete 
| 219|0x00000000cf500000, 0x00000000cf600000, 0x00000000cf600000|100%|HC|  |TAMS 0x00000000cf600000, 0x00000000cf500000| Complete 
| 220|0x00000000cf600000, 0x00000000cf700000, 0x00000000cf700000|100%|HC|  |TAMS 0x00000000cf700000, 0x00000000cf600000| Complete 
| 221|0x00000000cf700000, 0x00000000cf800000, 0x00000000cf800000|100%|HC|  |TAMS 0x00000000cf800000, 0x00000000cf700000| Complete 
| 222|0x00000000cf800000, 0x00000000cf900000, 0x00000000cf900000|100%|HC|  |TAMS 0x00000000cf900000, 0x00000000cf800000| Complete 
| 223|0x00000000cf900000, 0x00000000cfa00000, 0x00000000cfa00000|100%|HC|  |TAMS 0x00000000cfa00000, 0x00000000cf900000| Complete 
| 224|0x00000000cfa00000, 0x00000000cfb00000, 0x00000000cfb00000|100%|HC|  |TAMS 0x00000000cfb00000, 0x00000000cfa00000| Complete 
| 225|0x00000000cfb00000, 0x00000000cfc00000, 0x00000000cfc00000|100%|HC|  |TAMS 0x00000000cfc00000, 0x00000000cfb00000| Complete 
| 226|0x00000000cfc00000, 0x00000000cfd00000, 0x00000000cfd00000|100%|HC|  |TAMS 0x00000000cfd00000, 0x00000000cfc00000| Complete 
| 227|0x00000000cfd00000, 0x00000000cfe00000, 0x00000000cfe00000|100%|HC|  |TAMS 0x00000000cfe00000, 0x00000000cfd00000| Complete 
| 228|0x00000000cfe00000, 0x00000000cff00000, 0x00000000cff00000|100%|HC|  |TAMS 0x00000000cff00000, 0x00000000cfe00000| Complete 
| 229|0x00000000cff00000, 0x00000000d0000000, 0x00000000d0000000|100%|HC|  |TAMS 0x00000000d0000000, 0x00000000cff00000| Complete 
| 230|0x00000000d0000000, 0x00000000d0100000, 0x00000000d0100000|100%|HC|  |TAMS 0x00000000d0100000, 0x00000000d0000000| Complete 
| 231|0x00000000d0100000, 0x00000000d0200000, 0x00000000d0200000|100%|HC|  |TAMS 0x00000000d0200000, 0x00000000d0100000| Complete 
| 232|0x00000000d0200000, 0x00000000d0300000, 0x00000000d0300000|100%|HC|  |TAMS 0x00000000d0300000, 0x00000000d0200000| Complete 
| 233|0x00000000d0300000, 0x00000000d0400000, 0x00000000d0400000|100%|HC|  |TAMS 0x00000000d0400000, 0x00000000d0300000| Complete 
| 234|0x00000000d0400000, 0x00000000d0500000, 0x00000000d0500000|100%|HC|  |TAMS 0x00000000d0500000, 0x00000000d0400000| Complete 
| 235|0x00000000d0500000, 0x00000000d0600000, 0x00000000d0600000|100%|HC|  |TAMS 0x00000000d0600000, 0x00000000d0500000| Complete 
| 236|0x00000000d0600000, 0x00000000d0600000, 0x00000000d0700000|  0%| F|  |TAMS 0x00000000d0600000, 0x00000000d0600000| Untracked 
| 237|0x00000000d0700000, 0x00000000d0700000, 0x00000000d0800000|  0%| F|  |TAMS 0x00000000d0700000, 0x00000000d0700000| Untracked 
| 238|0x00000000d0800000, 0x00000000d0800000, 0x00000000d0900000|  0%| F|  |TAMS 0x00000000d0800000, 0x00000000d0800000| Untracked 
| 239|0x00000000d0900000, 0x00000000d0900000, 0x00000000d0a00000|  0%| F|  |TAMS 0x00000000d0900000, 0x00000000d0900000| Untracked 
| 240|0x00000000d0a00000, 0x00000000d0a00000, 0x00000000d0b00000|  0%| F|  |TAMS 0x00000000d0a00000, 0x00000000d0a00000| Untracked 
| 241|0x00000000d0b00000, 0x00000000d0b00000, 0x00000000d0c00000|  0%| F|  |TAMS 0x00000000d0b00000, 0x00000000d0b00000| Untracked 
| 242|0x00000000d0c00000, 0x00000000d0c00000, 0x00000000d0d00000|  0%| F|  |TAMS 0x00000000d0c00000, 0x00000000d0c00000| Untracked 
| 243|0x00000000d0d00000, 0x00000000d0d00000, 0x00000000d0e00000|  0%| F|  |TAMS 0x00000000d0d00000, 0x00000000d0d00000| Untracked 
| 244|0x00000000d0e00000, 0x00000000d0e00000, 0x00000000d0f00000|  0%| F|  |TAMS 0x00000000d0e00000, 0x00000000d0e00000| Untracked 
| 245|0x00000000d0f00000, 0x00000000d0f00000, 0x00000000d1000000|  0%| F|  |TAMS 0x00000000d0f00000, 0x00000000d0f00000| Untracked 
| 246|0x00000000d1000000, 0x00000000d1000000, 0x00000000d1100000|  0%| F|  |TAMS 0x00000000d1000000, 0x00000000d1000000| Untracked 
| 247|0x00000000d1100000, 0x00000000d1100000, 0x00000000d1200000|  0%| F|  |TAMS 0x00000000d1100000, 0x00000000d1100000| Untracked 
| 248|0x00000000d1200000, 0x00000000d1200000, 0x00000000d1300000|  0%| F|  |TAMS 0x00000000d1200000, 0x00000000d1200000| Untracked 
| 249|0x00000000d1300000, 0x00000000d1300000, 0x00000000d1400000|  0%| F|  |TAMS 0x00000000d1300000, 0x00000000d1300000| Untracked 
| 250|0x00000000d1400000, 0x00000000d1400000, 0x00000000d1500000|  0%| F|  |TAMS 0x00000000d1400000, 0x00000000d1400000| Untracked 
| 251|0x00000000d1500000, 0x00000000d1500000, 0x00000000d1600000|  0%| F|  |TAMS 0x00000000d1500000, 0x00000000d1500000| Untracked 
| 252|0x00000000d1600000, 0x00000000d1600000, 0x00000000d1700000|  0%| F|  |TAMS 0x00000000d1600000, 0x00000000d1600000| Untracked 
| 253|0x00000000d1700000, 0x00000000d1700000, 0x00000000d1800000|  0%| F|  |TAMS 0x00000000d1700000, 0x00000000d1700000| Untracked 
| 254|0x00000000d1800000, 0x00000000d1800000, 0x00000000d1900000|  0%| F|  |TAMS 0x00000000d1800000, 0x00000000d1800000| Untracked 
| 255|0x00000000d1900000, 0x00000000d1900000, 0x00000000d1a00000|  0%| F|  |TAMS 0x00000000d1900000, 0x00000000d1900000| Untracked 
| 256|0x00000000d1a00000, 0x00000000d1a00000, 0x00000000d1b00000|  0%| F|  |TAMS 0x00000000d1a00000, 0x00000000d1a00000| Untracked 
| 257|0x00000000d1b00000, 0x00000000d1b00000, 0x00000000d1c00000|  0%| F|  |TAMS 0x00000000d1b00000, 0x00000000d1b00000| Untracked 
| 258|0x00000000d1c00000, 0x00000000d1c00000, 0x00000000d1d00000|  0%| F|  |TAMS 0x00000000d1c00000, 0x00000000d1c00000| Untracked 
| 259|0x00000000d1d00000, 0x00000000d1d00000, 0x00000000d1e00000|  0%| F|  |TAMS 0x00000000d1d00000, 0x00000000d1d00000| Untracked 
| 260|0x00000000d1e00000, 0x00000000d1e00000, 0x00000000d1f00000|  0%| F|  |TAMS 0x00000000d1e00000, 0x00000000d1e00000| Untracked 
| 261|0x00000000d1f00000, 0x00000000d1f00000, 0x00000000d2000000|  0%| F|  |TAMS 0x00000000d1f00000, 0x00000000d1f00000| Untracked 
| 262|0x00000000d2000000, 0x00000000d2000000, 0x00000000d2100000|  0%| F|  |TAMS 0x00000000d2000000, 0x00000000d2000000| Untracked 
| 263|0x00000000d2100000, 0x00000000d2100000, 0x00000000d2200000|  0%| F|  |TAMS 0x00000000d2100000, 0x00000000d2100000| Untracked 
| 264|0x00000000d2200000, 0x00000000d2200000, 0x00000000d2300000|  0%| F|  |TAMS 0x00000000d2200000, 0x00000000d2200000| Untracked 
| 265|0x00000000d2300000, 0x00000000d2300000, 0x00000000d2400000|  0%| F|  |TAMS 0x00000000d2300000, 0x00000000d2300000| Untracked 
| 266|0x00000000d2400000, 0x00000000d2400000, 0x00000000d2500000|  0%| F|  |TAMS 0x00000000d2400000, 0x00000000d2400000| Untracked 
| 267|0x00000000d2500000, 0x00000000d2500000, 0x00000000d2600000|  0%| F|  |TAMS 0x00000000d2500000, 0x00000000d2500000| Untracked 
| 268|0x00000000d2600000, 0x00000000d2600000, 0x00000000d2700000|  0%| F|  |TAMS 0x00000000d2600000, 0x00000000d2600000| Untracked 
| 269|0x00000000d2700000, 0x00000000d2700000, 0x00000000d2800000|  0%| F|  |TAMS 0x00000000d2700000, 0x00000000d2700000| Untracked 
| 270|0x00000000d2800000, 0x00000000d2800000, 0x00000000d2900000|  0%| F|  |TAMS 0x00000000d2800000, 0x00000000d2800000| Untracked 
| 271|0x00000000d2900000, 0x00000000d2900000, 0x00000000d2a00000|  0%| F|  |TAMS 0x00000000d2900000, 0x00000000d2900000| Untracked 
| 272|0x00000000d2a00000, 0x00000000d2a00000, 0x00000000d2b00000|  0%| F|  |TAMS 0x00000000d2a00000, 0x00000000d2a00000| Untracked 
| 273|0x00000000d2b00000, 0x00000000d2b00000, 0x00000000d2c00000|  0%| F|  |TAMS 0x00000000d2b00000, 0x00000000d2b00000| Untracked 
| 274|0x00000000d2c00000, 0x00000000d2c00000, 0x00000000d2d00000|  0%| F|  |TAMS 0x00000000d2c00000, 0x00000000d2c00000| Untracked 
| 275|0x00000000d2d00000, 0x00000000d2d00000, 0x00000000d2e00000|  0%| F|  |TAMS 0x00000000d2d00000, 0x00000000d2d00000| Untracked 
| 276|0x00000000d2e00000, 0x00000000d2e00000, 0x00000000d2f00000|  0%| F|  |TAMS 0x00000000d2e00000, 0x00000000d2e00000| Untracked 
| 277|0x00000000d2f00000, 0x00000000d2f00000, 0x00000000d3000000|  0%| F|  |TAMS 0x00000000d2f00000, 0x00000000d2f00000| Untracked 
| 278|0x00000000d3000000, 0x00000000d3000000, 0x00000000d3100000|  0%| F|  |TAMS 0x00000000d3000000, 0x00000000d3000000| Untracked 
| 279|0x00000000d3100000, 0x00000000d3100000, 0x00000000d3200000|  0%| F|  |TAMS 0x00000000d3100000, 0x00000000d3100000| Untracked 
| 280|0x00000000d3200000, 0x00000000d3200000, 0x00000000d3300000|  0%| F|  |TAMS 0x00000000d3200000, 0x00000000d3200000| Untracked 
| 281|0x00000000d3300000, 0x00000000d3300000, 0x00000000d3400000|  0%| F|  |TAMS 0x00000000d3300000, 0x00000000d3300000| Untracked 
| 282|0x00000000d3400000, 0x00000000d3400000, 0x00000000d3500000|  0%| F|  |TAMS 0x00000000d3400000, 0x00000000d3400000| Untracked 
| 283|0x00000000d3500000, 0x00000000d3500000, 0x00000000d3600000|  0%| F|  |TAMS 0x00000000d3500000, 0x00000000d3500000| Untracked 
| 284|0x00000000d3600000, 0x00000000d3600000, 0x00000000d3700000|  0%| F|  |TAMS 0x00000000d3600000, 0x00000000d3600000| Untracked 
| 285|0x00000000d3700000, 0x00000000d3700000, 0x00000000d3800000|  0%| F|  |TAMS 0x00000000d3700000, 0x00000000d3700000| Untracked 
| 286|0x00000000d3800000, 0x00000000d3800000, 0x00000000d3900000|  0%| F|  |TAMS 0x00000000d3800000, 0x00000000d3800000| Untracked 
| 287|0x00000000d3900000, 0x00000000d3900000, 0x00000000d3a00000|  0%| F|  |TAMS 0x00000000d3900000, 0x00000000d3900000| Untracked 
| 288|0x00000000d3a00000, 0x00000000d3a00000, 0x00000000d3b00000|  0%| F|  |TAMS 0x00000000d3a00000, 0x00000000d3a00000| Untracked 
| 289|0x00000000d3b00000, 0x00000000d3b00000, 0x00000000d3c00000|  0%| F|  |TAMS 0x00000000d3b00000, 0x00000000d3b00000| Untracked 
| 290|0x00000000d3c00000, 0x00000000d3c00000, 0x00000000d3d00000|  0%| F|  |TAMS 0x00000000d3c00000, 0x00000000d3c00000| Untracked 
| 291|0x00000000d3d00000, 0x00000000d3d00000, 0x00000000d3e00000|  0%| F|  |TAMS 0x00000000d3d00000, 0x00000000d3d00000| Untracked 
| 292|0x00000000d3e00000, 0x00000000d3e00000, 0x00000000d3f00000|  0%| F|  |TAMS 0x00000000d3e00000, 0x00000000d3e00000| Untracked 
| 293|0x00000000d3f00000, 0x00000000d3f00000, 0x00000000d4000000|  0%| F|  |TAMS 0x00000000d3f00000, 0x00000000d3f00000| Untracked 
| 294|0x00000000d4000000, 0x00000000d4000000, 0x00000000d4100000|  0%| F|  |TAMS 0x00000000d4000000, 0x00000000d4000000| Untracked 
| 295|0x00000000d4100000, 0x00000000d4100000, 0x00000000d4200000|  0%| F|  |TAMS 0x00000000d4100000, 0x00000000d4100000| Untracked 
| 296|0x00000000d4200000, 0x00000000d4200000, 0x00000000d4300000|  0%| F|  |TAMS 0x00000000d4200000, 0x00000000d4200000| Untracked 
| 297|0x00000000d4300000, 0x00000000d4300000, 0x00000000d4400000|  0%| F|  |TAMS 0x00000000d4300000, 0x00000000d4300000| Untracked 
| 298|0x00000000d4400000, 0x00000000d4400000, 0x00000000d4500000|  0%| F|  |TAMS 0x00000000d4400000, 0x00000000d4400000| Untracked 
| 299|0x00000000d4500000, 0x00000000d4500000, 0x00000000d4600000|  0%| F|  |TAMS 0x00000000d4500000, 0x00000000d4500000| Untracked 
| 300|0x00000000d4600000, 0x00000000d4600000, 0x00000000d4700000|  0%| F|  |TAMS 0x00000000d4600000, 0x00000000d4600000| Untracked 
| 301|0x00000000d4700000, 0x00000000d4700000, 0x00000000d4800000|  0%| F|  |TAMS 0x00000000d4700000, 0x00000000d4700000| Untracked 
| 302|0x00000000d4800000, 0x00000000d4800000, 0x00000000d4900000|  0%| F|  |TAMS 0x00000000d4800000, 0x00000000d4800000| Untracked 
| 303|0x00000000d4900000, 0x00000000d4900000, 0x00000000d4a00000|  0%| F|  |TAMS 0x00000000d4900000, 0x00000000d4900000| Untracked 
| 304|0x00000000d4a00000, 0x00000000d4a00000, 0x00000000d4b00000|  0%| F|  |TAMS 0x00000000d4a00000, 0x00000000d4a00000| Untracked 
| 305|0x00000000d4b00000, 0x00000000d4b00000, 0x00000000d4c00000|  0%| F|  |TAMS 0x00000000d4b00000, 0x00000000d4b00000| Untracked 
| 306|0x00000000d4c00000, 0x00000000d4c00000, 0x00000000d4d00000|  0%| F|  |TAMS 0x00000000d4c00000, 0x00000000d4c00000| Untracked 
| 307|0x00000000d4d00000, 0x00000000d4d00000, 0x00000000d4e00000|  0%| F|  |TAMS 0x00000000d4d00000, 0x00000000d4d00000| Untracked 
| 308|0x00000000d4e00000, 0x00000000d4e00000, 0x00000000d4f00000|  0%| F|  |TAMS 0x00000000d4e00000, 0x00000000d4e00000| Untracked 
| 309|0x00000000d4f00000, 0x00000000d4f00000, 0x00000000d5000000|  0%| F|  |TAMS 0x00000000d4f00000, 0x00000000d4f00000| Untracked 
| 310|0x00000000d5000000, 0x00000000d5000000, 0x00000000d5100000|  0%| F|  |TAMS 0x00000000d5000000, 0x00000000d5000000| Untracked 
| 311|0x00000000d5100000, 0x00000000d5100000, 0x00000000d5200000|  0%| F|  |TAMS 0x00000000d5100000, 0x00000000d5100000| Untracked 
| 312|0x00000000d5200000, 0x00000000d5200000, 0x00000000d5300000|  0%| F|  |TAMS 0x00000000d5200000, 0x00000000d5200000| Untracked 
| 313|0x00000000d5300000, 0x00000000d5300000, 0x00000000d5400000|  0%| F|  |TAMS 0x00000000d5300000, 0x00000000d5300000| Untracked 
| 314|0x00000000d5400000, 0x00000000d5400000, 0x00000000d5500000|  0%| F|  |TAMS 0x00000000d5400000, 0x00000000d5400000| Untracked 
| 315|0x00000000d5500000, 0x00000000d5500000, 0x00000000d5600000|  0%| F|  |TAMS 0x00000000d5500000, 0x00000000d5500000| Untracked 
| 316|0x00000000d5600000, 0x00000000d5600000, 0x00000000d5700000|  0%| F|  |TAMS 0x00000000d5600000, 0x00000000d5600000| Untracked 
| 317|0x00000000d5700000, 0x00000000d5700000, 0x00000000d5800000|  0%| F|  |TAMS 0x00000000d5700000, 0x00000000d5700000| Untracked 
| 318|0x00000000d5800000, 0x00000000d5800000, 0x00000000d5900000|  0%| F|  |TAMS 0x00000000d5800000, 0x00000000d5800000| Untracked 
| 319|0x00000000d5900000, 0x00000000d5900000, 0x00000000d5a00000|  0%| F|  |TAMS 0x00000000d5900000, 0x00000000d5900000| Untracked 
| 320|0x00000000d5a00000, 0x00000000d5a00000, 0x00000000d5b00000|  0%| F|  |TAMS 0x00000000d5a00000, 0x00000000d5a00000| Untracked 
| 321|0x00000000d5b00000, 0x00000000d5b00000, 0x00000000d5c00000|  0%| F|  |TAMS 0x00000000d5b00000, 0x00000000d5b00000| Untracked 
| 322|0x00000000d5c00000, 0x00000000d5c00000, 0x00000000d5d00000|  0%| F|  |TAMS 0x00000000d5c00000, 0x00000000d5c00000| Untracked 
| 323|0x00000000d5d00000, 0x00000000d5d00000, 0x00000000d5e00000|  0%| F|  |TAMS 0x00000000d5d00000, 0x00000000d5d00000| Untracked 
| 324|0x00000000d5e00000, 0x00000000d5e00000, 0x00000000d5f00000|  0%| F|  |TAMS 0x00000000d5e00000, 0x00000000d5e00000| Untracked 
| 325|0x00000000d5f00000, 0x00000000d5f00000, 0x00000000d6000000|  0%| F|  |TAMS 0x00000000d5f00000, 0x00000000d5f00000| Untracked 
| 326|0x00000000d6000000, 0x00000000d6000000, 0x00000000d6100000|  0%| F|  |TAMS 0x00000000d6000000, 0x00000000d6000000| Untracked 
| 327|0x00000000d6100000, 0x00000000d6100000, 0x00000000d6200000|  0%| F|  |TAMS 0x00000000d6100000, 0x00000000d6100000| Untracked 
| 328|0x00000000d6200000, 0x00000000d6200000, 0x00000000d6300000|  0%| F|  |TAMS 0x00000000d6200000, 0x00000000d6200000| Untracked 
| 329|0x00000000d6300000, 0x00000000d6300000, 0x00000000d6400000|  0%| F|  |TAMS 0x00000000d6300000, 0x00000000d6300000| Untracked 
| 330|0x00000000d6400000, 0x00000000d6400000, 0x00000000d6500000|  0%| F|  |TAMS 0x00000000d6400000, 0x00000000d6400000| Untracked 
| 331|0x00000000d6500000, 0x00000000d6500000, 0x00000000d6600000|  0%| F|  |TAMS 0x00000000d6500000, 0x00000000d6500000| Untracked 
| 332|0x00000000d6600000, 0x00000000d6600000, 0x00000000d6700000|  0%| F|  |TAMS 0x00000000d6600000, 0x00000000d6600000| Untracked 
| 333|0x00000000d6700000, 0x00000000d6700000, 0x00000000d6800000|  0%| F|  |TAMS 0x00000000d6700000, 0x00000000d6700000| Untracked 
| 334|0x00000000d6800000, 0x00000000d6800000, 0x00000000d6900000|  0%| F|  |TAMS 0x00000000d6800000, 0x00000000d6800000| Untracked 
| 335|0x00000000d6900000, 0x00000000d6900000, 0x00000000d6a00000|  0%| F|  |TAMS 0x00000000d6900000, 0x00000000d6900000| Untracked 
| 336|0x00000000d6a00000, 0x00000000d6a00000, 0x00000000d6b00000|  0%| F|  |TAMS 0x00000000d6a00000, 0x00000000d6a00000| Untracked 
| 337|0x00000000d6b00000, 0x00000000d6b00000, 0x00000000d6c00000|  0%| F|  |TAMS 0x00000000d6b00000, 0x00000000d6b00000| Untracked 
| 338|0x00000000d6c00000, 0x00000000d6c00000, 0x00000000d6d00000|  0%| F|  |TAMS 0x00000000d6c00000, 0x00000000d6c00000| Untracked 
| 339|0x00000000d6d00000, 0x00000000d6d00000, 0x00000000d6e00000|  0%| F|  |TAMS 0x00000000d6d00000, 0x00000000d6d00000| Untracked 
| 340|0x00000000d6e00000, 0x00000000d6e00000, 0x00000000d6f00000|  0%| F|  |TAMS 0x00000000d6e00000, 0x00000000d6e00000| Untracked 
| 341|0x00000000d6f00000, 0x00000000d6f00000, 0x00000000d7000000|  0%| F|  |TAMS 0x00000000d6f00000, 0x00000000d6f00000| Untracked 
| 342|0x00000000d7000000, 0x00000000d7000000, 0x00000000d7100000|  0%| F|  |TAMS 0x00000000d7000000, 0x00000000d7000000| Untracked 
| 343|0x00000000d7100000, 0x00000000d7100000, 0x00000000d7200000|  0%| F|  |TAMS 0x00000000d7100000, 0x00000000d7100000| Untracked 
| 344|0x00000000d7200000, 0x00000000d7200000, 0x00000000d7300000|  0%| F|  |TAMS 0x00000000d7200000, 0x00000000d7200000| Untracked 
| 345|0x00000000d7300000, 0x00000000d7300000, 0x00000000d7400000|  0%| F|  |TAMS 0x00000000d7300000, 0x00000000d7300000| Untracked 
| 346|0x00000000d7400000, 0x00000000d7400000, 0x00000000d7500000|  0%| F|  |TAMS 0x00000000d7400000, 0x00000000d7400000| Untracked 
| 347|0x00000000d7500000, 0x00000000d7500000, 0x00000000d7600000|  0%| F|  |TAMS 0x00000000d7500000, 0x00000000d7500000| Untracked 
| 348|0x00000000d7600000, 0x00000000d7600000, 0x00000000d7700000|  0%| F|  |TAMS 0x00000000d7600000, 0x00000000d7600000| Untracked 
| 349|0x00000000d7700000, 0x00000000d7700000, 0x00000000d7800000|  0%| F|  |TAMS 0x00000000d7700000, 0x00000000d7700000| Untracked 
| 350|0x00000000d7800000, 0x00000000d7800000, 0x00000000d7900000|  0%| F|  |TAMS 0x00000000d7800000, 0x00000000d7800000| Untracked 
| 351|0x00000000d7900000, 0x00000000d7900000, 0x00000000d7a00000|  0%| F|  |TAMS 0x00000000d7900000, 0x00000000d7900000| Untracked 
| 352|0x00000000d7a00000, 0x00000000d7a00000, 0x00000000d7b00000|  0%| F|  |TAMS 0x00000000d7a00000, 0x00000000d7a00000| Untracked 
| 353|0x00000000d7b00000, 0x00000000d7b00000, 0x00000000d7c00000|  0%| F|  |TAMS 0x00000000d7b00000, 0x00000000d7b00000| Untracked 
| 354|0x00000000d7c00000, 0x00000000d7c00000, 0x00000000d7d00000|  0%| F|  |TAMS 0x00000000d7c00000, 0x00000000d7c00000| Untracked 
| 355|0x00000000d7d00000, 0x00000000d7d00000, 0x00000000d7e00000|  0%| F|  |TAMS 0x00000000d7d00000, 0x00000000d7d00000| Untracked 
| 356|0x00000000d7e00000, 0x00000000d7e00000, 0x00000000d7f00000|  0%| F|  |TAMS 0x00000000d7e00000, 0x00000000d7e00000| Untracked 
| 357|0x00000000d7f00000, 0x00000000d7f00000, 0x00000000d8000000|  0%| F|  |TAMS 0x00000000d7f00000, 0x00000000d7f00000| Untracked 
| 358|0x00000000d8000000, 0x00000000d8000000, 0x00000000d8100000|  0%| F|  |TAMS 0x00000000d8000000, 0x00000000d8000000| Untracked 
| 359|0x00000000d8100000, 0x00000000d8100000, 0x00000000d8200000|  0%| F|  |TAMS 0x00000000d8100000, 0x00000000d8100000| Untracked 
| 360|0x00000000d8200000, 0x00000000d8200000, 0x00000000d8300000|  0%| F|  |TAMS 0x00000000d8200000, 0x00000000d8200000| Untracked 
| 361|0x00000000d8300000, 0x00000000d8300000, 0x00000000d8400000|  0%| F|  |TAMS 0x00000000d8300000, 0x00000000d8300000| Untracked 
| 362|0x00000000d8400000, 0x00000000d8400000, 0x00000000d8500000|  0%| F|  |TAMS 0x00000000d8400000, 0x00000000d8400000| Untracked 
| 363|0x00000000d8500000, 0x00000000d8500000, 0x00000000d8600000|  0%| F|  |TAMS 0x00000000d8500000, 0x00000000d8500000| Untracked 
| 364|0x00000000d8600000, 0x00000000d8600000, 0x00000000d8700000|  0%| F|  |TAMS 0x00000000d8600000, 0x00000000d8600000| Untracked 
| 365|0x00000000d8700000, 0x00000000d8700000, 0x00000000d8800000|  0%| F|  |TAMS 0x00000000d8700000, 0x00000000d8700000| Untracked 
| 366|0x00000000d8800000, 0x00000000d8800000, 0x00000000d8900000|  0%| F|  |TAMS 0x00000000d8800000, 0x00000000d8800000| Untracked 
| 367|0x00000000d8900000, 0x00000000d8961b38, 0x00000000d8a00000| 38%| S|CS|TAMS 0x00000000d8900000, 0x00000000d8900000| Complete 
| 368|0x00000000d8a00000, 0x00000000d8b00000, 0x00000000d8b00000|100%| S|CS|TAMS 0x00000000d8a00000, 0x00000000d8a00000| Complete 
| 369|0x00000000d8b00000, 0x00000000d8c00000, 0x00000000d8c00000|100%| S|CS|TAMS 0x00000000d8b00000, 0x00000000d8b00000| Complete 
| 370|0x00000000d8c00000, 0x00000000d8d00000, 0x00000000d8d00000|100%| S|CS|TAMS 0x00000000d8c00000, 0x00000000d8c00000| Complete 
| 371|0x00000000d8d00000, 0x00000000d8d00000, 0x00000000d8e00000|  0%| F|  |TAMS 0x00000000d8d00000, 0x00000000d8d00000| Untracked 
| 372|0x00000000d8e00000, 0x00000000d8f00000, 0x00000000d8f00000|100%| S|CS|TAMS 0x00000000d8e00000, 0x00000000d8e00000| Complete 
| 373|0x00000000d8f00000, 0x00000000d8f75eb8, 0x00000000d9000000| 46%| E|  |TAMS 0x00000000d8f00000, 0x00000000d8f00000| Complete 

Card table byte_map: [0x0000028975410000,0x0000028975610000] _byte_map_base: 0x0000028974e03000

Marking Bits (Prev, Next): (CMBitMap*) 0x000002895e2ea9b0, (CMBitMap*) 0x000002895e2ea970
 Prev Bits: [0x00000289767b0000, 0x0000028977748000)
 Next Bits: [0x0000028975810000, 0x00000289767a8000)

Polling page: 0x000002895da80000

Metaspace:

Usage:
  Non-class:      8.70 MB used.
      Class:      1.13 MB used.
       Both:      9.83 MB used.

Virtual space:
  Non-class space:       64.00 MB reserved,       8.81 MB ( 14%) committed,  1 nodes.
      Class space:        1.00 GB reserved,       1.25 MB ( <1%) committed,  1 nodes.
             Both:        1.06 GB reserved,      10.06 MB ( <1%) committed. 

Chunk freelists:
   Non-Class:  2.88 MB
       Class:  2.72 MB
        Both:  5.60 MB

MaxMetaspaceSize: unlimited
CompressedClassSpaceSize: 1.00 GB
Initial GC threshold: 21.00 MB
Current GC threshold: 21.00 MB
CDS: on
MetaspaceReclaimPolicy: balanced
 - commit_granule_bytes: 65536.
 - commit_granule_words: 8192.
 - virtual_space_node_default_size: 8388608.
 - enlarge_chunks_in_place: 1.
 - new_chunks_are_fully_committed: 0.
 - uncommit_free_chunks: 1.
 - use_allocation_guard: 0.


Internal statistics:

num_allocs_failed_limit: 0.
num_arena_births: 154.
num_arena_deaths: 0.
num_vsnodes_births: 2.
num_vsnodes_deaths: 0.
num_space_committed: 161.
num_space_uncommitted: 0.
num_chunks_returned_to_freelist: 0.
num_chunks_taken_from_freelist: 199.
num_chunk_merges: 0.
num_chunk_splits: 130.
num_chunks_enlarged: 79.
num_inconsistent_stats: 0.

CodeHeap 'non-profiled nmethods': size=120000Kb used=716Kb max_used=716Kb free=119283Kb
 bounds [0x000002896dce0000, 0x000002896df50000, 0x0000028975210000]
CodeHeap 'profiled nmethods': size=120000Kb used=2668Kb max_used=2668Kb free=117331Kb
 bounds [0x0000028966210000, 0x00000289664b0000, 0x000002896d740000]
CodeHeap 'non-nmethods': size=5760Kb used=1376Kb max_used=1406Kb free=4384Kb
 bounds [0x000002896d740000, 0x000002896d9b0000, 0x000002896dce0000]
 total_blobs=2130 nmethods=1505 adapters=536
 compilation: enabled
              stopped_count=0, restarted_count=0
 full_count=0

Compilation events (20 events):
Event: 11.949 Thread 0x0000028979bfbfb0 1499       3       java.lang.Thread::isVirtual (5 bytes)
Event: 11.949 Thread 0x0000028979bfbfb0 nmethod 1499 0x00000289664aa790 code [0x00000289664aa940, 0x00000289664aab58]
Event: 11.965 Thread 0x0000028979bfbfb0 1500       3       java.util.Calendar::internalGet (7 bytes)
Event: 11.965 Thread 0x0000028979bfbfb0 nmethod 1500 0x00000289664aac10 code [0x00000289664aada0, 0x00000289664aaed8]
Event: 11.965 Thread 0x0000028979bfbfb0 1501       1       sun.util.calendar.CalendarDate::getYear (5 bytes)
Event: 11.966 Thread 0x0000028979bfbfb0 nmethod 1501 0x000002896dd88e90 code [0x000002896dd89020, 0x000002896dd890d8]
Event: 11.966 Thread 0x0000028979bfbfb0 1502       1       java.util.Calendar::getFirstDayOfWeek (5 bytes)
Event: 11.966 Thread 0x0000028979bfbfb0 nmethod 1502 0x000002896dd89190 code [0x000002896dd89320, 0x000002896dd893d8]
Event: 11.966 Thread 0x0000028979bfbfb0 1503       1       java.util.Calendar::getMinimalDaysInFirstWeek (5 bytes)
Event: 11.966 Thread 0x0000028979bfbfb0 nmethod 1503 0x000002896dd89490 code [0x000002896dd89620, 0x000002896dd896d8]
Event: 12.000 Thread 0x0000028979bec820 nmethod 1495 0x000002896dd89790 code [0x000002896dd899a0, 0x000002896dd8b0d0]
Event: 12.001 Thread 0x0000028979bec820 1498       4       sun.awt.image.InputStreamImageSource::latchConsumers (6 bytes)
Event: 12.004 Thread 0x0000028979bec820 nmethod 1498 0x000002896dd8bd10 code [0x000002896dd8bea0, 0x000002896dd8c188]
Event: 12.073 Thread 0x0000028979bec820 1504 % !   4       sun.awt.image.PNGImageDecoder::produceImage @ 960 (1917 bytes)
Event: 12.397 Thread 0x0000028979bec820 nmethod 1504% 0x000002896dd8c290 code [0x000002896dd8c620, 0x000002896dd90980]
Event: 12.607 Thread 0x0000028979bfbfb0 1505       3       java.lang.StringBuilder::<init> (6 bytes)
Event: 12.607 Thread 0x0000028979bec820 1506       4       java.util.Calendar::internalSet (8 bytes)
Event: 12.607 Thread 0x0000028979bfbfb0 nmethod 1505 0x00000289664aaf90 code [0x00000289664ab140, 0x00000289664ab288]
Event: 12.617 Thread 0x0000028979bec820 nmethod 1506 0x000002896dd92e10 code [0x000002896dd92fa0, 0x000002896dd93058]
Event: 12.630 Thread 0x0000028979bec820 1507   !   4       sun.awt.image.PNGImageDecoder::produceImage (1917 bytes)

GC Heap History (20 events):
Event: 4.732 GC heap before
{Heap before GC invocations=6 (full 0):
 garbage-first heap   total 171008K, used 133575K [0x00000000c1a00000, 0x0000000100000000)
  region size 1024K, 38 young (38912K), 1 survivors (1024K)
 Metaspace       used 8002K, committed 8192K, reserved 1114112K
  class space    used 857K, committed 960K, reserved 1048576K
}
Event: 4.736 GC heap after
{Heap after GC invocations=7 (full 0):
 garbage-first heap   total 171008K, used 100179K [0x00000000c1a00000, 0x0000000100000000)
  region size 1024K, 3 young (3072K), 3 survivors (3072K)
 Metaspace       used 8002K, committed 8192K, reserved 1114112K
  class space    used 857K, committed 960K, reserved 1048576K
}
Event: 5.577 GC heap before
{Heap before GC invocations=8 (full 0):
 garbage-first heap   total 327680K, used 225107K [0x00000000c1a00000, 0x0000000100000000)
  region size 1024K, 34 young (34816K), 3 survivors (3072K)
 Metaspace       used 8003K, committed 8192K, reserved 1114112K
  class space    used 857K, committed 960K, reserved 1048576K
}
Event: 5.582 GC heap after
{Heap after GC invocations=9 (full 0):
 garbage-first heap   total 327680K, used 193767K [0x00000000c1a00000, 0x0000000100000000)
  region size 1024K, 2 young (2048K), 2 survivors (2048K)
 Metaspace       used 8003K, committed 8192K, reserved 1114112K
  class space    used 857K, committed 960K, reserved 1048576K
}
Event: 5.831 GC heap before
{Heap before GC invocations=9 (full 0):
 garbage-first heap   total 327680K, used 207079K [0x00000000c1a00000, 0x0000000100000000)
  region size 1024K, 16 young (16384K), 2 survivors (2048K)
 Metaspace       used 8003K, committed 8192K, reserved 1114112K
  class space    used 857K, committed 960K, reserved 1048576K
}
Event: 5.836 GC heap after
{Heap after GC invocations=10 (full 0):
 garbage-first heap   total 327680K, used 192666K [0x00000000c1a00000, 0x0000000100000000)
  region size 1024K, 1 young (1024K), 1 survivors (1024K)
 Metaspace       used 8003K, committed 8192K, reserved 1114112K
  class space    used 857K, committed 960K, reserved 1048576K
}
Event: 7.985 GC heap before
{Heap before GC invocations=10 (full 0):
 garbage-first heap   total 327680K, used 242842K [0x00000000c1a00000, 0x0000000100000000)
  region size 1024K, 52 young (53248K), 1 survivors (1024K)
 Metaspace       used 9378K, committed 9600K, reserved 1114112K
  class space    used 1073K, committed 1152K, reserved 1048576K
}
Event: 7.993 GC heap after
{Heap after GC invocations=11 (full 0):
 garbage-first heap   total 327680K, used 194518K [0x00000000c1a00000, 0x0000000100000000)
  region size 1024K, 3 young (3072K), 3 survivors (3072K)
 Metaspace       used 9378K, committed 9600K, reserved 1114112K
  class space    used 1073K, committed 1152K, reserved 1048576K
}
Event: 9.179 GC heap before
{Heap before GC invocations=12 (full 0):
 garbage-first heap   total 334848K, used 200662K [0x00000000c1a00000, 0x0000000100000000)
  region size 1024K, 8 young (8192K), 3 survivors (3072K)
 Metaspace       used 9482K, committed 9728K, reserved 1114112K
  class space    used 1081K, committed 1216K, reserved 1048576K
}
Event: 9.186 GC heap after
{Heap after GC invocations=13 (full 0):
 garbage-first heap   total 334848K, used 197239K [0x00000000c1a00000, 0x0000000100000000)
  region size 1024K, 4 young (4096K), 4 survivors (4096K)
 Metaspace       used 9482K, committed 9728K, reserved 1114112K
  class space    used 1081K, committed 1216K, reserved 1048576K
}
Event: 11.810 GC heap before
{Heap before GC invocations=14 (full 0):
 garbage-first heap   total 345088K, used 213623K [0x00000000c1a00000, 0x0000000100000000)
  region size 1024K, 15 young (15360K), 4 survivors (4096K)
 Metaspace       used 10054K, committed 10304K, reserved 1114112K
  class space    used 1156K, committed 1280K, reserved 1048576K
}
Event: 11.817 GC heap after
{Heap after GC invocations=15 (full 0):
 garbage-first heap   total 345088K, used 203734K [0x00000000c1a00000, 0x0000000100000000)
  region size 1024K, 4 young (4096K), 4 survivors (4096K)
 Metaspace       used 10054K, committed 10304K, reserved 1114112K
  class space    used 1156K, committed 1280K, reserved 1048576K
}
Event: 12.023 GC heap before
{Heap before GC invocations=16 (full 0):
 garbage-first heap   total 350208K, used 208854K [0x00000000c1a00000, 0x0000000100000000)
  region size 1024K, 9 young (9216K), 4 survivors (4096K)
 Metaspace       used 10064K, committed 10304K, reserved 1114112K
  class space    used 1157K, committed 1280K, reserved 1048576K
}
Event: 12.030 GC heap after
{Heap after GC invocations=17 (full 0):
 garbage-first heap   total 350208K, used 207039K [0x00000000c1a00000, 0x0000000100000000)
  region size 1024K, 5 young (5120K), 5 survivors (5120K)
 Metaspace       used 10064K, committed 10304K, reserved 1114112K
  class space    used 1157K, committed 1280K, reserved 1048576K
}
Event: 12.073 GC heap before
{Heap before GC invocations=18 (full 0):
 garbage-first heap   total 353280K, used 210111K [0x00000000c1a00000, 0x0000000100000000)
  region size 1024K, 6 young (6144K), 5 survivors (5120K)
 Metaspace       used 10064K, committed 10304K, reserved 1114112K
  class space    used 1157K, committed 1280K, reserved 1048576K
}
Event: 12.079 GC heap after
{Heap after GC invocations=19 (full 0):
 garbage-first heap   total 353280K, used 210902K [0x00000000c1a00000, 0x0000000100000000)
  region size 1024K, 6 young (6144K), 6 survivors (6144K)
 Metaspace       used 10064K, committed 10304K, reserved 1114112K
  class space    used 1157K, committed 1280K, reserved 1048576K
}
Event: 12.608 GC heap before
{Heap before GC invocations=20 (full 0):
 garbage-first heap   total 380928K, used 243670K [0x00000000c1a00000, 0x0000000100000000)
  region size 1024K, 23 young (23552K), 6 survivors (6144K)
 Metaspace       used 10065K, committed 10304K, reserved 1114112K
  class space    used 1157K, committed 1280K, reserved 1048576K
}
Event: 12.617 GC heap after
{Heap after GC invocations=21 (full 0):
 garbage-first heap   total 380928K, used 224214K [0x00000000c1a00000, 0x0000000100000000)
  region size 1024K, 6 young (6144K), 6 survivors (6144K)
 Metaspace       used 10065K, committed 10304K, reserved 1114112K
  class space    used 1157K, committed 1280K, reserved 1048576K
}
Event: 12.950 GC heap before
{Heap before GC invocations=22 (full 0):
 garbage-first heap   total 382976K, used 228310K [0x00000000c1a00000, 0x0000000100000000)
  region size 1024K, 8 young (8192K), 6 survivors (6144K)
 Metaspace       used 10065K, committed 10304K, reserved 1114112K
  class space    used 1157K, committed 1280K, reserved 1048576K
}
Event: 12.955 GC heap after
{Heap after GC invocations=23 (full 0):
 garbage-first heap   total 382976K, used 222878K [0x00000000c1a00000, 0x0000000100000000)
  region size 1024K, 5 young (5120K), 5 survivors (5120K)
 Metaspace       used 10065K, committed 10304K, reserved 1114112K
  class space    used 1157K, committed 1280K, reserved 1048576K
}

Dll operation events (10 events):
Event: 0.022 Loaded shared library C:\Program Files\Java\jdk-19\bin\java.dll
Event: 0.050 Loaded shared library C:\Program Files\Java\jdk-19\bin\jsvml.dll
Event: 0.180 Loaded shared library C:\Program Files\Java\jdk-19\bin\net.dll
Event: 0.185 Loaded shared library C:\Program Files\Java\jdk-19\bin\nio.dll
Event: 0.194 Loaded shared library C:\Program Files\Java\jdk-19\bin\zip.dll
Event: 0.270 Loaded shared library C:\Program Files\Java\jdk-19\bin\jimage.dll
Event: 0.321 Loaded shared library C:\Program Files\Java\jdk-19\bin\awt.dll
Event: 1.292 Loaded shared library C:\Program Files\Java\jdk-19\bin\freetype.dll
Event: 1.295 Loaded shared library C:\Program Files\Java\jdk-19\bin\fontmanager.dll
Event: 11.927 Loaded shared library C:\Program Files\Java\jdk-19\bin\javajpeg.dll

Deoptimization events (20 events):
Event: 7.768 Thread 0x000002895e2a9d10 Uncommon trap: trap_request=0xffffffc6 fr.pc=0x000002896dd16118 relative=0x00000000000002d8
Event: 7.768 Thread 0x000002895e2a9d10 Uncommon trap: reason=bimorphic_or_optimized_type_check action=maybe_recompile pc=0x000002896dd16118 method=java.util.HashMap.getNode(Ljava/lang/Object;)Ljava/util/HashMap$Node; @ 128 c2
Event: 7.769 Thread 0x000002895e2a9d10 DEOPT PACKING pc=0x000002896dd16118 sp=0x000000e8c20fea10
Event: 7.769 Thread 0x000002895e2a9d10 DEOPT UNPACKING pc=0x000002896d7a6d9e sp=0x000000e8c20fe988 mode 2
Event: 8.255 Thread 0x000002897e38b960 Uncommon trap: trap_request=0xffffff45 fr.pc=0x000002896dd42e70 relative=0x0000000000000790
Event: 8.255 Thread 0x000002897e38b960 Uncommon trap: reason=unstable_if action=reinterpret pc=0x000002896dd42e70 method=java.awt.image.ReplicateScaleFilter.setPixels(IIIILjava/awt/image/ColorModel;[III)V @ 4 c2
Event: 8.255 Thread 0x000002897e38b960 DEOPT PACKING pc=0x000002896dd42e70 sp=0x000000e8c37ff080
Event: 8.255 Thread 0x000002897e38b960 DEOPT UNPACKING pc=0x000002896d7a6d9e sp=0x000000e8c37fefe8 mode 2
Event: 10.417 Thread 0x000002895e2a9d10 Uncommon trap: trap_request=0xffffffc6 fr.pc=0x000002896dd48ac4 relative=0x0000000000000704
Event: 10.417 Thread 0x000002895e2a9d10 Uncommon trap: reason=bimorphic_or_optimized_type_check action=maybe_recompile pc=0x000002896dd48ac4 method=java.io.BufferedInputStream.fill()V @ 184 c2
Event: 10.417 Thread 0x000002895e2a9d10 DEOPT PACKING pc=0x000002896dd48ac4 sp=0x000000e8c20fe090
Event: 10.417 Thread 0x000002895e2a9d10 DEOPT UNPACKING pc=0x000002896d7a6d9e sp=0x000000e8c20fdf88 mode 2
Event: 10.490 Thread 0x000002895e2a9d10 Uncommon trap: trap_request=0xffffff45 fr.pc=0x000002896dd0ed74 relative=0x0000000000000754
Event: 10.490 Thread 0x000002895e2a9d10 Uncommon trap: reason=unstable_if action=reinterpret pc=0x000002896dd0ed74 method=java.util.regex.Pattern$BmpCharPropertyGreedy.match(Ljava/util/regex/Matcher;ILjava/lang/CharSequence;)Z @ 12 c2
Event: 10.490 Thread 0x000002895e2a9d10 DEOPT PACKING pc=0x000002896dd0ed74 sp=0x000000e8c20fe6a0
Event: 10.490 Thread 0x000002895e2a9d10 DEOPT UNPACKING pc=0x000002896d7a6d9e sp=0x000000e8c20fe578 mode 2
Event: 10.510 Thread 0x000002895e2a9d10 Uncommon trap: trap_request=0xffffff45 fr.pc=0x000002896dd77960 relative=0x00000000000000c0
Event: 10.510 Thread 0x000002895e2a9d10 Uncommon trap: reason=unstable_if action=reinterpret pc=0x000002896dd77960 method=java.lang.String.getBytes([BIB)V @ 5 c2
Event: 10.510 Thread 0x000002895e2a9d10 DEOPT PACKING pc=0x000002896dd77960 sp=0x000000e8c20fee90
Event: 10.510 Thread 0x000002895e2a9d10 DEOPT UNPACKING pc=0x000002896d7a6d9e sp=0x000000e8c20fee38 mode 2

Classes loaded (20 events):
Event: 10.603 Loading class javax/swing/text/GapContent$RemoveUndo
Event: 10.603 Loading class javax/swing/text/GapContent$RemoveUndo done
Event: 10.603 Loading class javax/swing/text/GapContent$UndoPosRef
Event: 10.604 Loading class javax/swing/text/GapContent$UndoPosRef done
Event: 10.605 Loading class javax/swing/plaf/basic/BasicSpinnerUI
Event: 10.648 Loading class javax/swing/plaf/SpinnerUI
Event: 10.648 Loading class javax/swing/plaf/SpinnerUI done
Event: 10.648 Loading class javax/swing/plaf/basic/BasicSpinnerUI done
Event: 10.648 Loading class javax/swing/plaf/basic/BasicSpinnerUI$ArrowButtonHandler
Event: 10.649 Loading class javax/swing/plaf/basic/BasicSpinnerUI$ArrowButtonHandler done
Event: 10.650 Loading class javax/swing/plaf/basic/BasicSpinnerUI$Handler
Event: 10.651 Loading class javax/swing/plaf/basic/BasicSpinnerUI$Handler done
Event: 11.001 Loading class javax/swing/plaf/metal/MetalBorders$TableHeaderBorder
Event: 11.001 Loading class javax/swing/plaf/metal/MetalBorders$TableHeaderBorder done
Event: 11.809 Loading class sun/awt/image/PNGImageDecoder$Chromaticities
Event: 11.809 Loading class sun/awt/image/PNGImageDecoder$Chromaticities done
Event: 11.869 Loading class sun/awt/image/JPEGImageDecoder
Event: 11.891 Loading class sun/awt/image/JPEGImageDecoder done
Event: 11.892 Loading class sun/awt/image/JPEGImageDecoder$1
Event: 11.892 Loading class sun/awt/image/JPEGImageDecoder$1 done

Classes unloaded (0 events):
No events

Classes redefined (0 events):
No events

Internal exceptions (19 events):
Event: 0.291 Thread 0x000002895e2a9d10 Exception <a 'java/lang/ClassNotFoundException'{0x00000000c5898b58}: sun/awt/resources/spi/awtProvider> (0x00000000c5898b58) 
thrown [s\open\src\hotspot\share\classfile\systemDictionary.cpp, line 255]
Event: 0.360 Thread 0x000002895e2a9d10 Exception <a 'java/io/FileNotFoundException'{0x00000000c58f1f90}> (0x00000000c58f1f90) 
thrown [s\open\src\hotspot\share\prims\jni.cpp, line 517]
Event: 0.380 Thread 0x000002895e2a9d10 Exception <a 'java/io/FileNotFoundException'{0x00000000c571ea00}> (0x00000000c571ea00) 
thrown [s\open\src\hotspot\share\prims\jni.cpp, line 517]
Event: 0.503 Thread 0x000002895e2a9d10 Exception <a 'java/lang/NoSuchMethodError'{0x00000000c576ee28}: 'java.lang.Object java.lang.invoke.DirectMethodHandle$Holder.invokeStaticInit(java.lang.Object)'> (0x00000000c576ee28) 
thrown [s\open\src\hotspot\share\interpreter\linkResolver.cpp, line 774]
Event: 0.637 Thread 0x000002895e2a9d10 Exception <a 'java/lang/NoSuchMethodError'{0x00000000c563e7b0}: 'void java.lang.invoke.DirectMethodHandle$Holder.invokeSpecial(java.lang.Object, java.lang.Object, java.lang.Object)'> (0x00000000c563e7b0) 
thrown [s\open\src\hotspot\share\interpreter\linkResolver.cpp, line 774]
Event: 0.666 Thread 0x000002895e2a9d10 Exception <a 'java/lang/NoSuchMethodError'{0x00000000c5669510}: 'java.lang.Object java.lang.invoke.DirectMethodHandle$Holder.newInvokeSpecial(java.lang.Object, java.lang.Object, java.lang.Object, java.lang.Object, java.lang.Object)'> (0x00000000c5669510) 
thrown [s\open\src\hotspot\share\interpreter\linkResolver.cpp, line 774]
Event: 0.690 Thread 0x000002895e2a9d10 Exception <a 'java/lang/NoSuchMethodError'{0x00000000c56dd790}: 'java.lang.Object java.lang.invoke.DirectMethodHandle$Holder.invokeStatic(java.lang.Object, int, java.lang.Object)'> (0x00000000c56dd790) 
thrown [s\open\src\hotspot\share\interpreter\linkResolver.cpp, line 774]
Event: 0.801 Thread 0x000002895e2a9d10 Exception <a 'java/lang/ClassNotFoundException'{0x00000000c5599768}: com/sun/swing/internal/plaf/metal/resources/spi/metalProvider> (0x00000000c5599768) 
thrown [s\open\src\hotspot\share\classfile\systemDictionary.cpp, line 255]
Event: 0.804 Thread 0x000002895e2a9d10 Exception <a 'java/lang/ClassNotFoundException'{0x00000000c559d6e8}: com/sun/swing/internal/plaf/basic/resources/spi/basicProvider> (0x00000000c559d6e8) 
thrown [s\open\src\hotspot\share\classfile\systemDictionary.cpp, line 255]
Event: 0.831 Thread 0x000002895e2a9d10 Exception <a 'java/lang/NoSuchMethodError'{0x00000000c55bd9b0}: 'int java.lang.invoke.Invokers$Holder.invokeExact_MT(java.lang.Object, java.lang.Object)'> (0x00000000c55bd9b0) 
thrown [s\open\src\hotspot\share\interpreter\linkResolver.cpp, line 774]
Event: 1.153 Thread 0x000002897e38b960 Exception <a 'java/lang/NoSuchMethodError'{0x00000000c522db00}: 'java.lang.Object java.lang.invoke.DirectMethodHandle$Holder.newInvokeSpecial(java.lang.Object, java.lang.Object, java.lang.Object, int, int, int, int, int)'> (0x00000000c522db00) 
thrown [s\open\src\hotspot\share\interpreter\linkResolver.cpp, line 774]
Event: 1.237 Thread 0x000002897e3362c0 Exception <a 'java/lang/NoSuchMethodError'{0x00000000c57d78e0}: 'void java.lang.invoke.DirectMethodHandle$Holder.invokeVirtual(java.lang.Object, java.lang.Object)'> (0x00000000c57d78e0) 
thrown [s\open\src\hotspot\share\interpreter\linkResolver.cpp, line 774]
Event: 1.278 Thread 0x000002895e2a9d10 Exception <a 'java/lang/NoSuchMethodError'{0x00000000c54369f8}: 'void java.lang.invoke.DirectMethodHandle$Holder.invokeStaticInit(java.lang.Object)'> (0x00000000c54369f8) 
thrown [s\open\src\hotspot\share\interpreter\linkResolver.cpp, line 774]
Event: 1.583 Thread 0x000002895e2a9d10 Exception <a 'java/io/FileNotFoundException'{0x00000000c5037c60}> (0x00000000c5037c60) 
thrown [s\open\src\hotspot\share\prims\jni.cpp, line 517]
Event: 1.594 Thread 0x000002895e2a9d10 Exception <a 'java/io/FileNotFoundException'{0x00000000c5046d18}> (0x00000000c5046d18) 
thrown [s\open\src\hotspot\share\prims\jni.cpp, line 517]
Event: 1.678 Thread 0x000002895e2a9d10 Exception <a 'java/io/FileNotFoundException'{0x00000000c50eaf38}> (0x00000000c50eaf38) 
thrown [s\open\src\hotspot\share\prims\jni.cpp, line 517]
Event: 1.730 Thread 0x000002895e2a9d10 Exception <a 'java/io/FileNotFoundException'{0x00000000c4f6a5d0}> (0x00000000c4f6a5d0) 
thrown [s\open\src\hotspot\share\prims\jni.cpp, line 517]
Event: 6.635 Thread 0x000002897e38b960 Implicit null exception at 0x000002896dd49da7 to 0x000002896dd4ac64
Event: 8.255 Thread 0x000002897e38b960 Implicit null exception at 0x000002896dd42766 to 0x000002896dd42e5d

VM Operations (20 events):
Event: 12.030 Executing VM operation: G1TryInitiateConcMark done
Event: 12.048 Executing VM operation: G1PauseRemark
Event: 12.050 Executing VM operation: G1PauseRemark done
Event: 12.055 Executing VM operation: G1PauseCleanup
Event: 12.056 Executing VM operation: G1PauseCleanup done
Event: 12.073 Executing VM operation: G1TryInitiateConcMark
Event: 12.079 Executing VM operation: G1TryInitiateConcMark done
Event: 12.100 Executing VM operation: G1PauseRemark
Event: 12.130 Executing VM operation: G1PauseRemark done
Event: 12.136 Executing VM operation: G1PauseCleanup
Event: 12.136 Executing VM operation: G1PauseCleanup done
Event: 12.607 Executing VM operation: G1TryInitiateConcMark
Event: 12.617 Executing VM operation: G1TryInitiateConcMark done
Event: 12.635 Executing VM operation: G1PauseRemark
Event: 12.637 Executing VM operation: G1PauseRemark done
Event: 12.643 Executing VM operation: G1PauseCleanup
Event: 12.643 Executing VM operation: G1PauseCleanup done
Event: 12.950 Executing VM operation: G1TryInitiateConcMark
Event: 12.955 Executing VM operation: G1TryInitiateConcMark done
Event: 12.974 Executing VM operation: G1PauseRemark

Events (18 events):
Event: 0.051 Thread 0x000002895e2a9d10 Thread added: 0x000002895e2a9d10
Event: 0.093 Thread 0x0000028979be62d0 Thread added: 0x0000028979be62d0
Event: 0.094 Thread 0x0000028979be7060 Thread added: 0x0000028979be7060
Event: 0.095 Thread 0x0000028979be87f0 Thread added: 0x0000028979be87f0
Event: 0.095 Thread 0x0000028979bea2d0 Thread added: 0x0000028979bea2d0
Event: 0.095 Thread 0x0000028979bebc10 Thread added: 0x0000028979bebc10
Event: 0.096 Thread 0x0000028979bf6a20 Thread added: 0x0000028979bf6a20
Event: 0.096 Thread 0x0000028979bec820 Thread added: 0x0000028979bec820
Event: 0.096 Thread 0x0000028979bfbfb0 Thread added: 0x0000028979bfbfb0
Event: 0.097 Thread 0x0000028979c0b990 Thread added: 0x0000028979c0b990
Event: 0.159 Thread 0x000002897e0c99a0 Thread added: 0x000002897e0c99a0
Event: 0.170 Thread 0x000002897e0cf1c0 Thread added: 0x000002897e0cf1c0
Event: 0.506 Thread 0x000002897e32ecc0 Thread added: 0x000002897e32ecc0
Event: 0.509 Thread 0x000002897e332490 Thread added: 0x000002897e332490
Event: 0.513 Thread 0x000002897e3362c0 Thread added: 0x000002897e3362c0
Event: 0.945 Thread 0x000002897e38a4f0 Thread added: 0x000002897e38a4f0
Event: 0.966 Thread 0x000002897e38b960 Thread added: 0x000002897e38b960
Event: 12.605 Thread 0x0000028900137710 Thread added: 0x0000028900137710


Dynamic libraries:
0x00007ff672cb0000 - 0x00007ff672cc0000 	C:\Program Files\Java\jdk-19\bin\java.exe
0x00007ffd232d0000 - 0x00007ffd234c8000 	C:\WINDOWS\SYSTEM32\ntdll.dll
0x00007ffd214f0000 - 0x00007ffd215af000 	C:\WINDOWS\System32\KERNEL32.DLL
0x00007ffd20c50000 - 0x00007ffd20f22000 	C:\WINDOWS\System32\KERNELBASE.dll
0x00007ffd20f60000 - 0x00007ffd21060000 	C:\WINDOWS\System32\ucrtbase.dll
0x00007ffd1a7a0000 - 0x00007ffd1a7bb000 	C:\Program Files\Java\jdk-19\bin\VCRUNTIME140.dll
0x00007ffd1b920000 - 0x00007ffd1b938000 	C:\Program Files\Java\jdk-19\bin\jli.dll
0x00007ffd217f0000 - 0x00007ffd2189e000 	C:\WINDOWS\System32\ADVAPI32.dll
0x00007ffd22470000 - 0x00007ffd2250e000 	C:\WINDOWS\System32\msvcrt.dll
0x00007ffd21750000 - 0x00007ffd217ec000 	C:\WINDOWS\System32\sechost.dll
0x00007ffd22180000 - 0x00007ffd222a5000 	C:\WINDOWS\System32\RPCRT4.dll
0x00007ffd22510000 - 0x00007ffd226b1000 	C:\WINDOWS\System32\USER32.dll
0x00007ffd20a30000 - 0x00007ffd20a52000 	C:\WINDOWS\System32\win32u.dll
0x00007ffd05da0000 - 0x00007ffd0603a000 	C:\WINDOWS\WinSxS\amd64_microsoft.windows.common-controls_6595b64144ccf1df_6.0.19041.1110_none_60b5254171f9507e\COMCTL32.dll
0x00007ffd215b0000 - 0x00007ffd215db000 	C:\WINDOWS\System32\GDI32.dll
0x00007ffd20b40000 - 0x00007ffd20c4f000 	C:\WINDOWS\System32\gdi32full.dll
0x00007ffd21110000 - 0x00007ffd211ad000 	C:\WINDOWS\System32\msvcp_win.dll
0x00007ffd11f40000 - 0x00007ffd11f4a000 	C:\WINDOWS\SYSTEM32\VERSION.dll
0x00007ffd22f80000 - 0x00007ffd22fb2000 	C:\WINDOWS\System32\IMM32.DLL
0x00007ffd1c3d0000 - 0x00007ffd1c3dc000 	C:\Program Files\Java\jdk-19\bin\vcruntime140_1.dll
0x00007ffcff2c0000 - 0x00007ffcff34e000 	C:\Program Files\Java\jdk-19\bin\msvcp140.dll
0x00007ffcdd570000 - 0x00007ffcde230000 	C:\Program Files\Java\jdk-19\bin\server\jvm.dll
0x00007ffd125c0000 - 0x00007ffd125c9000 	C:\WINDOWS\SYSTEM32\WSOCK32.dll
0x00007ffd12630000 - 0x00007ffd12657000 	C:\WINDOWS\SYSTEM32\WINMM.dll
0x00007ffd22310000 - 0x00007ffd2237b000 	C:\WINDOWS\System32\WS2_32.dll
0x00007ffd1e880000 - 0x00007ffd1e892000 	C:\WINDOWS\SYSTEM32\kernel.appcore.dll
0x00007ffd1b610000 - 0x00007ffd1b61a000 	C:\Program Files\Java\jdk-19\bin\jimage.dll
0x00007ffd08d00000 - 0x00007ffd08ee4000 	C:\WINDOWS\SYSTEM32\DBGHELP.DLL
0x00007ffd08f50000 - 0x00007ffd08f85000 	C:\WINDOWS\SYSTEM32\dbgcore.DLL
0x00007ffd20ab0000 - 0x00007ffd20b32000 	C:\WINDOWS\System32\bcryptPrimitives.dll
0x00007ffd020b0000 - 0x00007ffd020d6000 	C:\Program Files\Java\jdk-19\bin\java.dll
0x00007ffce94d0000 - 0x00007ffce95a7000 	C:\Program Files\Java\jdk-19\bin\jsvml.dll
0x00007ffd22720000 - 0x00007ffd22e64000 	C:\WINDOWS\System32\SHELL32.dll
0x00007ffd1ea80000 - 0x00007ffd1f212000 	C:\WINDOWS\SYSTEM32\windows.storage.dll
0x00007ffd21e00000 - 0x00007ffd22155000 	C:\WINDOWS\System32\combase.dll
0x00007ffd20340000 - 0x00007ffd20370000 	C:\WINDOWS\SYSTEM32\Wldp.dll
0x00007ffd22e70000 - 0x00007ffd22f1d000 	C:\WINDOWS\System32\SHCORE.dll
0x00007ffd21d10000 - 0x00007ffd21d65000 	C:\WINDOWS\System32\shlwapi.dll
0x00007ffd20900000 - 0x00007ffd2091f000 	C:\WINDOWS\SYSTEM32\profapi.dll
0x00007ffd1a710000 - 0x00007ffd1a723000 	C:\Program Files\Java\jdk-19\bin\net.dll
0x00007ffd16650000 - 0x00007ffd1675c000 	C:\WINDOWS\SYSTEM32\WINHTTP.dll
0x00007ffd200a0000 - 0x00007ffd2010a000 	C:\WINDOWS\system32\mswsock.dll
0x00007ffd13d70000 - 0x00007ffd13d86000 	C:\Program Files\Java\jdk-19\bin\nio.dll
0x00007ffd02090000 - 0x00007ffd020a8000 	C:\Program Files\Java\jdk-19\bin\zip.dll
0x00007ffcdf890000 - 0x00007ffcdfa21000 	C:\Program Files\Java\jdk-19\bin\awt.dll
0x00007ffd21680000 - 0x00007ffd2174d000 	C:\WINDOWS\System32\OLEAUT32.dll
0x00007ffd1e1c0000 - 0x00007ffd1e251000 	C:\WINDOWS\SYSTEM32\apphelp.dll
0x00007ffd1e490000 - 0x00007ffd1e4bf000 	C:\WINDOWS\system32\DWMAPI.DLL
0x00007ffd1e330000 - 0x00007ffd1e3ce000 	C:\WINDOWS\system32\uxtheme.dll
0x00007ffd13a70000 - 0x00007ffd13b95000 	C:\WINDOWS\system32\opengl32.dll
0x00007ffd1a190000 - 0x00007ffd1a1bc000 	C:\WINDOWS\SYSTEM32\GLU32.dll
0x00007ffd22fc0000 - 0x00007ffd230d5000 	C:\WINDOWS\System32\MSCTF.dll
0x00007ffd21310000 - 0x00007ffd2143a000 	C:\WINDOWS\System32\ole32.dll
0x00007ffcf8b20000 - 0x00007ffcf8ba6000 	C:\Program Files\Java\jdk-19\bin\freetype.dll
0x00007ffcf0aa0000 - 0x00007ffcf0b49000 	C:\Program Files\Java\jdk-19\bin\fontmanager.dll
0x00007ffd21440000 - 0x00007ffd214ef000 	C:\WINDOWS\System32\clbcatq.dll
0x00007ffd1a8c0000 - 0x00007ffd1aa74000 	C:\WINDOWS\SYSTEM32\WindowsCodecs.dll
0x00007ffd20f30000 - 0x00007ffd20f57000 	C:\WINDOWS\System32\bcrypt.dll
0x00007ffcf7e30000 - 0x00007ffcf7e6e000 	C:\WINDOWS\system32\dataexchange.dll
0x00007ffd1cc50000 - 0x00007ffd1ceb3000 	C:\WINDOWS\system32\d3d11.dll
0x00007ffd1d6c0000 - 0x00007ffd1d8a3000 	C:\WINDOWS\system32\dcomp.dll
0x00007ffd1f280000 - 0x00007ffd1f373000 	C:\WINDOWS\system32\dxgi.dll
0x00007ffd19eb0000 - 0x00007ffd1a0b0000 	C:\WINDOWS\system32\twinapi.appcore.dll
0x00007ffd1c3f0000 - 0x00007ffd1c41e000 	C:\Program Files\Java\jdk-19\bin\javajpeg.dll

dbghelp: loaded successfully - version: 4.0.5 - missing functions: none
symbol engine: initialized successfully - sym options: 0x614 - pdb path: .;C:\Program Files\Java\jdk-19\bin;C:\WINDOWS\SYSTEM32;C:\WINDOWS\WinSxS\amd64_microsoft.windows.common-controls_6595b64144ccf1df_6.0.19041.1110_none_60b5254171f9507e;C:\Program Files\Java\jdk-19\bin\server

VM Arguments:
jvm_args: -Dfile.encoding=UTF-8 
java_command: View.MiniProyecto4
java_class_path (initial): C:\Program Files\NetBeans-14\netbeans\java\modules\ext\AbsoluteLayout.jar;C:\Users\jazam\OneDrive\Documents\MiniProyecto3-master\a.miniproyecto3\a.miniproyecto3\lib\unknown\binary\AbsoluteLayout\SNAPSHOT\AbsoluteLayout-SNAPSHOT.jar;C:\Users\jazam\OneDrive\Escritorio\Miniproyecto4FPOE\build\classes
Launcher Type: SUN_STANDARD

[Global flags]
     intx CICompilerCount                          = 3                                         {product} {ergonomic}
     uint ConcGCThreads                            = 1                                         {product} {ergonomic}
     uint G1ConcRefinementThreads                  = 4                                         {product} {ergonomic}
   size_t G1HeapRegionSize                         = 1048576                                   {product} {ergonomic}
    uintx GCDrainStackTargetSize                   = 64                                        {product} {ergonomic}
   size_t InitialHeapSize                          = 67108864                                  {product} {ergonomic}
   size_t MarkStackSize                            = 4194304                                   {product} {ergonomic}
   size_t MaxHeapSize                              = 1046478848                                {product} {ergonomic}
   size_t MaxNewSize                               = 627048448                                 {product} {ergonomic}
   size_t MinHeapDeltaBytes                        = 1048576                                   {product} {ergonomic}
   size_t MinHeapSize                              = 8388608                                   {product} {ergonomic}
    uintx NonNMethodCodeHeapSize                   = 5832780                                {pd product} {ergonomic}
    uintx NonProfiledCodeHeapSize                  = 122912730                              {pd product} {ergonomic}
    uintx ProfiledCodeHeapSize                     = 122912730                              {pd product} {ergonomic}
    uintx ReservedCodeCacheSize                    = 251658240                              {pd product} {ergonomic}
     bool SegmentedCodeCache                       = true                                      {product} {ergonomic}
   size_t SoftMaxHeapSize                          = 1046478848                             {manageable} {ergonomic}
     bool UseCompressedClassPointers               = true                           {product lp64_product} {ergonomic}
     bool UseCompressedOops                        = true                           {product lp64_product} {ergonomic}
     bool UseG1GC                                  = true                                      {product} {ergonomic}
     bool UseLargePagesIndividualAllocation        = false                                  {pd product} {ergonomic}

Logging:
Log output configuration:
 #0: stdout all=warning uptime,level,tags foldmultilines=false
 #1: stderr all=off uptime,level,tags foldmultilines=false

Environment Variables:
PATH=C:\Program Files\Common Files\Oracle\Java\javapath;C:\WINDOWS\system32;C:\WINDOWS;C:\WINDOWS\System32\Wbem;C:\WINDOWS\System32\WindowsPowerShell\v1.0\;C:\WINDOWS\System32\OpenSSH\;C:\Program Files\Git\cmd;C:\Users\jazam\AppData\Local\Programs\Python\Python310\Scripts\;C:\Users\jazam\AppData\Local\Programs\Python\Python310\;C:\Users\jazam\AppData\Local\Microsoft\WindowsApps;;C:\Users\jazam\AppData\Local\Programs\Microsoft VS Code\bin
USERNAME=jazam
OS=Windows_NT
PROCESSOR_IDENTIFIER=Intel64 Family 6 Model 55 Stepping 8, GenuineIntel
TMP=C:\Users\jazam\AppData\Local\Temp
TEMP=C:\Users\jazam\AppData\Local\Temp



---------------  S Y S T E M  ---------------

OS:
 Windows 10 , 64 bit Build 19041 (10.0.19041.2364)
OS uptime: 0 days 12:34 hours

CPU: total 4 (initial active 4) (4 cores per cpu, 1 threads per core) family 6 model 55 stepping 8 microcode 0x838, cx8, cmov, fxsr, mmx, 3dnowpref, sse, sse2, sse3, ssse3, sse4.1, sse4.2, popcnt, tsc, tscinvbit, erms, clmul, clflush, rdtscp

Memory: 4k page, system-wide physical 3985M (283M free)
TotalPageFile size 6545M (AvailPageFile size 39M)
current process WorkingSet (physical memory assigned to process): 422M, peak: 422M
current process commit charge ("private bytes"): 500M, peak: 523M

vm_info: Java HotSpot(TM) 64-Bit Server VM (19+36-2238) for windows-amd64 JRE (19+36-2238), built on 2022-08-12T20:29:01Z by "mach5one" with MS VC++ 17.1 (VS2022)

END.
